This is pdfTeX, Version 3.141592653-2.6-1.40.24 (TeX Live 2022) (preloaded format=pdflatex 2023.1.27)  1 FEB 2023 18:38
entering extended mode
 restricted \write18 enabled.
 %&-line parsing enabled.
**glasgow_thesis.tex
(./glasgow_thesis.tex
LaTeX2e <2022-11-01> patch level 1
L3 programming layer <2023-01-24> (./glasgowthesis.cls
Document Class: glasgowthesis 
(c:/Users/rmkja/AppData/Roaming/TinyTeX/texmf-dist/tex/latex/base/book.cls
Document Class: book 2022/07/02 v1.4n Standard LaTeX document class
(c:/Users/rmkja/AppData/Roaming/TinyTeX/texmf-dist/tex/latex/base/bk12.clo
File: bk12.clo 2022/07/02 v1.4n Standard LaTeX file (size option)
)
\c@part=\count185
\c@chapter=\count186
\c@section=\count187
\c@subsection=\count188
\c@subsubsection=\count189
\c@paragraph=\count190
\c@subparagraph=\count191
\c@figure=\count192
\c@table=\count193
\abovecaptionskip=\skip48
\belowcaptionskip=\skip49
\bibindent=\dimen140
) (c:/Users/rmkja/AppData/Roaming/TinyTeX/texmf-dist/tex/latex/fancyhdr/fancyhdr.sty
Package: fancyhdr 2022/11/09 v4.1 Extensive control of page headers and footers
\f@nch@headwidth=\skip50
\f@nch@O@elh=\skip51
\f@nch@O@erh=\skip52
\f@nch@O@olh=\skip53
\f@nch@O@orh=\skip54
\f@nch@O@elf=\skip55
\f@nch@O@erf=\skip56
\f@nch@O@olf=\skip57
\f@nch@O@orf=\skip58
) (c:/Users/rmkja/AppData/Roaming/TinyTeX/texmf-dist/tex/latex/fancyvrb/fancyvrb.sty
Package: fancyvrb 2023/01/19 4.5a verbatim text (tvz,hv)
(c:/Users/rmkja/AppData/Roaming/TinyTeX/texmf-dist/tex/latex/graphics/keyval.sty
Package: keyval 2022/05/29 v1.15 key=value parser (DPC)
\KV@toks@=\toks16
)
\FV@CodeLineNo=\count194
\FV@InFile=\read2
\FV@TabBox=\box51
\c@FancyVerbLine=\count195
\FV@StepNumber=\count196
\FV@OutFile=\write3
) (c:/Users/rmkja/AppData/Roaming/TinyTeX/texmf-dist/tex/generic/iftex/ifxetex.sty
Package: ifxetex 2019/10/25 v0.7 ifxetex legacy package. Use iftex instead.
(c:/Users/rmkja/AppData/Roaming/TinyTeX/texmf-dist/tex/generic/iftex/iftex.sty
Package: iftex 2022/02/03 v1.0f TeX engine tests
)) (c:/Users/rmkja/AppData/Roaming/TinyTeX/texmf-dist/tex/generic/iftex/ifluatex.sty
Package: ifluatex 2019/10/25 v1.5 ifluatex legacy package. Use iftex instead.
) (c:/Users/rmkja/AppData/Roaming/TinyTeX/texmf-dist/tex/latex/base/fixltx2e.sty
Package: fixltx2e 2016/12/29 v2.1a fixes to LaTeX (obsolete)
Applying: [2015/01/01] Old fixltx2e package on input line 46.

Package fixltx2e Warning: fixltx2e is not required with releases after 2015
(fixltx2e)                All fixes are now in the LaTeX kernel.
(fixltx2e)                See the latexrelease package for details.

Already applied: [0000/00/00] Old fixltx2e package on input line 53.
) (c:/Users/rmkja/AppData/Roaming/TinyTeX/texmf-dist/tex/latex/base/fontenc.sty
Package: fontenc 2021/04/29 v2.0v Standard LaTeX package
) (c:/Users/rmkja/AppData/Roaming/TinyTeX/texmf-dist/tex/latex/base/inputenc.sty
Package: inputenc 2021/02/14 v1.3d Input encoding file
\inpenc@prehook=\toks17
\inpenc@posthook=\toks18
) (c:/Users/rmkja/AppData/Roaming/TinyTeX/texmf-dist/tex/latex/microtype/microtype.sty
Package: microtype 2022/06/23 v3.0f Micro-typographical refinements (RS)
(c:/Users/rmkja/AppData/Roaming/TinyTeX/texmf-dist/tex/latex/etoolbox/etoolbox.sty
Package: etoolbox 2020/10/05 v2.5k e-TeX tools for LaTeX (JAW)
\etb@tempcnta=\count197
)
\MT@toks=\toks19
\MT@tempbox=\box52
\MT@count=\count198
LaTeX Info: Redefining \noprotrusionifhmode on input line 1045.
LaTeX Info: Redefining \leftprotrusion on input line 1046.
LaTeX Info: Redefining \rightprotrusion on input line 1056.
LaTeX Info: Redefining \textls on input line 1234.
\MT@outer@kern=\dimen141
LaTeX Info: Redefining \textmicrotypecontext on input line 1858.
\MT@listname@count=\count199
(c:/Users/rmkja/AppData/Roaming/TinyTeX/texmf-dist/tex/latex/microtype/microtype-pdftex.def
File: microtype-pdftex.def 2022/06/23 v3.0f Definitions specific to pdftex (RS)
LaTeX Info: Redefining \lsstyle on input line 900.
LaTeX Info: Redefining \lslig on input line 900.
\MT@outer@space=\skip59
)
Package microtype Info: Loading configuration file microtype.cfg.
(c:/Users/rmkja/AppData/Roaming/TinyTeX/texmf-dist/tex/latex/microtype/microtype.cfg
File: microtype.cfg 2022/06/23 v3.0f microtype main configuration file (RS)
)) (c:/Users/rmkja/AppData/Roaming/TinyTeX/texmf-dist/tex/latex/graphics/color.sty
Package: color 2022/01/06 v1.3d Standard LaTeX Color (DPC)
(c:/Users/rmkja/AppData/Roaming/TinyTeX/texmf-dist/tex/latex/graphics-cfg/color.cfg
File: color.cfg 2016/01/02 v1.6 sample color configuration
)
Package color Info: Driver file: pdftex.def on input line 149.
(c:/Users/rmkja/AppData/Roaming/TinyTeX/texmf-dist/tex/latex/graphics-def/pdftex.def
File: pdftex.def 2022/09/22 v1.2b Graphics/color driver for pdftex
) (c:/Users/rmkja/AppData/Roaming/TinyTeX/texmf-dist/tex/latex/graphics/mathcolor.ltx)) (c:/Users/rmkja/AppData/Roaming/TinyTeX/texmf-dist/tex/latex/framed/framed.sty
Package: framed 2011/10/22 v 0.96: framed or shaded text with page breaks
\OuterFrameSep=\skip60
\fb@frw=\dimen142
\fb@frh=\dimen143
\FrameRule=\dimen144
\FrameSep=\dimen145
) (c:/Users/rmkja/AppData/Roaming/TinyTeX/texmf-dist/tex/latex/geometry/geometry.sty
Package: geometry 2020/01/02 v5.9 Page Geometry
(c:/Users/rmkja/AppData/Roaming/TinyTeX/texmf-dist/tex/generic/iftex/ifvtex.sty
Package: ifvtex 2019/10/25 v1.7 ifvtex legacy package. Use iftex instead.
)
\Gm@cnth=\count266
\Gm@cntv=\count267
\c@Gm@tempcnt=\count268
\Gm@bindingoffset=\dimen146
\Gm@wd@mp=\dimen147
\Gm@odd@mp=\dimen148
\Gm@even@mp=\dimen149
\Gm@layoutwidth=\dimen150
\Gm@layoutheight=\dimen151
\Gm@layouthoffset=\dimen152
\Gm@layoutvoffset=\dimen153
\Gm@dimlist=\toks20
))
   defining Unicode char U+2212 (decimal 8722)
(c:/Users/rmkja/AppData/Roaming/TinyTeX/texmf-dist/tex/latex/graphics/graphicx.sty
Package: graphicx 2021/09/16 v1.2d Enhanced LaTeX Graphics (DPC,SPQR)
(c:/Users/rmkja/AppData/Roaming/TinyTeX/texmf-dist/tex/latex/graphics/graphics.sty
Package: graphics 2022/03/10 v1.4e Standard LaTeX Graphics (DPC,SPQR)
(c:/Users/rmkja/AppData/Roaming/TinyTeX/texmf-dist/tex/latex/graphics/trig.sty
Package: trig 2021/08/11 v1.11 sin cos tan (DPC)
) (c:/Users/rmkja/AppData/Roaming/TinyTeX/texmf-dist/tex/latex/graphics-cfg/graphics.cfg
File: graphics.cfg 2016/06/04 v1.11 sample graphics configuration
)
Package graphics Info: Driver file: pdftex.def on input line 107.
)
\Gin@req@height=\dimen154
\Gin@req@width=\dimen155
) (c:/Users/rmkja/AppData/Roaming/TinyTeX/texmf-dist/tex/latex/base/latexsym.sty
Package: latexsym 1998/08/17 v2.2e Standard LaTeX package (lasy symbols)
\symlasy=\mathgroup4
LaTeX Font Info:    Overwriting symbol font `lasy' in version `bold'
(Font)                  U/lasy/m/n --> U/lasy/b/n on input line 52.
) (c:/Users/rmkja/AppData/Roaming/TinyTeX/texmf-dist/tex/latex/amsmath/amsmath.sty
Package: amsmath 2022/04/08 v2.17n AMS math features
\@mathmargin=\skip61
For additional information on amsmath, use the `?' option.
(c:/Users/rmkja/AppData/Roaming/TinyTeX/texmf-dist/tex/latex/amsmath/amstext.sty
Package: amstext 2021/08/26 v2.01 AMS text
(c:/Users/rmkja/AppData/Roaming/TinyTeX/texmf-dist/tex/latex/amsmath/amsgen.sty
File: amsgen.sty 1999/11/30 v2.0 generic functions
\@emptytoks=\toks21
\ex@=\dimen156
)) (c:/Users/rmkja/AppData/Roaming/TinyTeX/texmf-dist/tex/latex/amsmath/amsbsy.sty
Package: amsbsy 1999/11/29 v1.2d Bold Symbols
\pmbraise@=\dimen157
) (c:/Users/rmkja/AppData/Roaming/TinyTeX/texmf-dist/tex/latex/amsmath/amsopn.sty
Package: amsopn 2022/04/08 v2.04 operator names
)
\inf@bad=\count269
LaTeX Info: Redefining \frac on input line 234.
\uproot@=\count270
\leftroot@=\count271
LaTeX Info: Redefining \overline on input line 399.
LaTeX Info: Redefining \colon on input line 410.
\classnum@=\count272
\DOTSCASE@=\count273
LaTeX Info: Redefining \ldots on input line 496.
LaTeX Info: Redefining \dots on input line 499.
LaTeX Info: Redefining \cdots on input line 620.
\Mathstrutbox@=\box53
\strutbox@=\box54
LaTeX Info: Redefining \big on input line 722.
LaTeX Info: Redefining \Big on input line 723.
LaTeX Info: Redefining \bigg on input line 724.
LaTeX Info: Redefining \Bigg on input line 725.
\big@size=\dimen158
LaTeX Font Info:    Redeclaring font encoding OML on input line 743.
LaTeX Font Info:    Redeclaring font encoding OMS on input line 744.
\macc@depth=\count274
LaTeX Info: Redefining \bmod on input line 905.
LaTeX Info: Redefining \pmod on input line 910.
LaTeX Info: Redefining \smash on input line 940.
LaTeX Info: Redefining \relbar on input line 970.
LaTeX Info: Redefining \Relbar on input line 971.
\c@MaxMatrixCols=\count275
\dotsspace@=\muskip16
\c@parentequation=\count276
\dspbrk@lvl=\count277
\tag@help=\toks22
\row@=\count278
\column@=\count279
\maxfields@=\count280
\andhelp@=\toks23
\eqnshift@=\dimen159
\alignsep@=\dimen160
\tagshift@=\dimen161
\tagwidth@=\dimen162
\totwidth@=\dimen163
\lineht@=\dimen164
\@envbody=\toks24
\multlinegap=\skip62
\multlinetaggap=\skip63
\mathdisplay@stack=\toks25
LaTeX Info: Redefining \[ on input line 2953.
LaTeX Info: Redefining \] on input line 2954.
) (c:/Users/rmkja/AppData/Roaming/TinyTeX/texmf-dist/tex/latex/amsfonts/amssymb.sty
Package: amssymb 2013/01/14 v3.01 AMS font symbols
(c:/Users/rmkja/AppData/Roaming/TinyTeX/texmf-dist/tex/latex/amsfonts/amsfonts.sty
Package: amsfonts 2013/01/14 v3.01 Basic AMSFonts support
\symAMSa=\mathgroup5
\symAMSb=\mathgroup6
LaTeX Font Info:    Redeclaring math symbol \hbar on input line 98.
LaTeX Font Info:    Overwriting math alphabet `\mathfrak' in version `bold'
(Font)                  U/euf/m/n --> U/euf/b/n on input line 106.
)) (c:/Users/rmkja/AppData/Roaming/TinyTeX/texmf-dist/tex/latex/amscls/amsthm.sty
Package: amsthm 2020/05/29 v2.20.6
\thm@style=\toks26
\thm@bodyfont=\toks27
\thm@headfont=\toks28
\thm@notefont=\toks29
\thm@headpunct=\toks30
\thm@preskip=\skip64
\thm@postskip=\skip65
\thm@headsep=\skip66
\dth@everypar=\toks31
) (c:/Users/rmkja/AppData/Roaming/TinyTeX/texmf-dist/tex/latex/tools/longtable.sty
Package: longtable 2021-09-01 v4.17 Multi-page Table package (DPC)
\LTleft=\skip67
\LTright=\skip68
\LTpre=\skip69
\LTpost=\skip70
\LTchunksize=\count281
\LTcapwidth=\dimen165
\LT@head=\box55
\LT@firsthead=\box56
\LT@foot=\box57
\LT@lastfoot=\box58
\LT@gbox=\box59
\LT@cols=\count282
\LT@rows=\count283
\c@LT@tables=\count284
\c@LT@chunks=\count285
\LT@p@ftn=\toks32
) (c:/Users/rmkja/AppData/Roaming/TinyTeX/texmf-dist/tex/latex/booktabs/booktabs.sty
Package: booktabs 2020/01/12 v1.61803398 Publication quality tables
\heavyrulewidth=\dimen166
\lightrulewidth=\dimen167
\cmidrulewidth=\dimen168
\belowrulesep=\dimen169
\belowbottomsep=\dimen170
\aboverulesep=\dimen171
\abovetopsep=\dimen172
\cmidrulesep=\dimen173
\cmidrulekern=\dimen174
\defaultaddspace=\dimen175
\@cmidla=\count286
\@cmidlb=\count287
\@aboverulesep=\dimen176
\@belowrulesep=\dimen177
\@thisruleclass=\count288
\@lastruleclass=\count289
\@thisrulewidth=\dimen178
) (c:/Users/rmkja/AppData/Roaming/TinyTeX/texmf-dist/tex/latex/setspace/setspace.sty
Package: setspace 2022/12/04 v6.7b set line spacing
) (c:/Users/rmkja/AppData/Roaming/TinyTeX/texmf-dist/tex/latex/siunitx/siunitx.sty
Package: siunitx 2023-01-03 v3.2.0 A comprehensive (SI) units package
\l__siunitx_angle_tmp_dim=\dimen179
\l__siunitx_angle_marker_box=\box60
\l__siunitx_angle_unit_box=\box61
\l__siunitx_compound_count_int=\count290
\l__siunitx_number_exponent_fixed_int=\count291
\l__siunitx_number_min_decimal_int=\count292
\l__siunitx_number_min_integer_int=\count293
\l__siunitx_number_round_precision_int=\count294
\l__siunitx_number_lower_threshold_int=\count295
\l__siunitx_number_upper_threshold_int=\count296
\l__siunitx_number_group_first_int=\count297
\l__siunitx_number_group_size_int=\count298
\l__siunitx_number_group_minimum_int=\count299
\l__siunitx_table_tmp_box=\box62
\l__siunitx_table_tmp_dim=\dimen180
\l__siunitx_table_column_width_dim=\dimen181
\l__siunitx_table_integer_box=\box63
\l__siunitx_table_decimal_box=\box64
\l__siunitx_table_uncert_box=\box65
\l__siunitx_table_before_box=\box66
\l__siunitx_table_after_box=\box67
\l__siunitx_table_before_dim=\dimen182
\l__siunitx_table_carry_dim=\dimen183
\l__siunitx_unit_tmp_int=\count300
\l__siunitx_unit_position_int=\count301
\l__siunitx_unit_total_int=\count302
(c:/Users/rmkja/AppData/Roaming/TinyTeX/texmf-dist/tex/latex/tools/array.sty
Package: array 2022/09/04 v2.5g Tabular extension package (FMi)
\col@sep=\dimen184
\ar@mcellbox=\box68
\extrarowheight=\dimen185
\NC@list=\toks33
\extratabsurround=\skip71
\backup@length=\skip72
\ar@cellbox=\box69
)) (c:/Users/rmkja/AppData/Roaming/TinyTeX/texmf-dist/tex/latex/xcolor/xcolor.sty
Package: xcolor 2022/06/12 v2.14 LaTeX color extensions (UK)
(c:/Users/rmkja/AppData/Roaming/TinyTeX/texmf-dist/tex/latex/graphics-cfg/color.cfg
File: color.cfg 2016/01/02 v1.6 sample color configuration
)
Package xcolor Info: Driver file: pdftex.def on input line 227.
LaTeX Info: Redefining \color on input line 711.
(c:/Users/rmkja/AppData/Roaming/TinyTeX/texmf-dist/tex/latex/graphics/mathcolor.ltx)
Package xcolor Info: Model `cmy' substituted by `cmy0' on input line 1353.
Package xcolor Info: Model `hsb' substituted by `rgb' on input line 1357.
Package xcolor Info: Model `RGB' extended on input line 1369.
Package xcolor Info: Model `HTML' substituted by `rgb' on input line 1371.
Package xcolor Info: Model `Hsb' substituted by `hsb' on input line 1372.
Package xcolor Info: Model `tHsb' substituted by `hsb' on input line 1373.
Package xcolor Info: Model `HSB' substituted by `hsb' on input line 1374.
Package xcolor Info: Model `Gray' substituted by `gray' on input line 1375.
Package xcolor Info: Model `wave' substituted by `hsb' on input line 1376.
) (c:/Users/rmkja/AppData/Roaming/TinyTeX/texmf-dist/tex/latex/url/url.sty
\Urlmuskip=\muskip17
Package: url 2013/09/16  ver 3.4  Verb mode for urls, etc.
) (c:/Users/rmkja/AppData/Roaming/TinyTeX/texmf-dist/tex/latex/hyperref/hyperref.sty
Package: hyperref 2022-11-13 v7.00u Hypertext links for LaTeX
(c:/Users/rmkja/AppData/Roaming/TinyTeX/texmf-dist/tex/generic/ltxcmds/ltxcmds.sty
Package: ltxcmds 2020-05-10 v1.25 LaTeX kernel commands for general use (HO)
) (c:/Users/rmkja/AppData/Roaming/TinyTeX/texmf-dist/tex/generic/pdftexcmds/pdftexcmds.sty
Package: pdftexcmds 2020-06-27 v0.33 Utility functions of pdfTeX for LuaTeX (HO)
(c:/Users/rmkja/AppData/Roaming/TinyTeX/texmf-dist/tex/generic/infwarerr/infwarerr.sty
Package: infwarerr 2019/12/03 v1.5 Providing info/warning/error messages (HO)
)
Package pdftexcmds Info: \pdf@primitive is available.
Package pdftexcmds Info: \pdf@ifprimitive is available.
Package pdftexcmds Info: \pdfdraftmode found.
) (c:/Users/rmkja/AppData/Roaming/TinyTeX/texmf-dist/tex/latex/kvsetkeys/kvsetkeys.sty
Package: kvsetkeys 2022-10-05 v1.19 Key value parser (HO)
) (c:/Users/rmkja/AppData/Roaming/TinyTeX/texmf-dist/tex/generic/kvdefinekeys/kvdefinekeys.sty
Package: kvdefinekeys 2019-12-19 v1.6 Define keys (HO)
) (c:/Users/rmkja/AppData/Roaming/TinyTeX/texmf-dist/tex/generic/pdfescape/pdfescape.sty
Package: pdfescape 2019/12/09 v1.15 Implements pdfTeX's escape features (HO)
) (c:/Users/rmkja/AppData/Roaming/TinyTeX/texmf-dist/tex/latex/hycolor/hycolor.sty
Package: hycolor 2020-01-27 v1.10 Color options for hyperref/bookmark (HO)
) (c:/Users/rmkja/AppData/Roaming/TinyTeX/texmf-dist/tex/latex/letltxmacro/letltxmacro.sty
Package: letltxmacro 2019/12/03 v1.6 Let assignment for LaTeX macros (HO)
) (c:/Users/rmkja/AppData/Roaming/TinyTeX/texmf-dist/tex/latex/auxhook/auxhook.sty
Package: auxhook 2019-12-17 v1.6 Hooks for auxiliary files (HO)
) (c:/Users/rmkja/AppData/Roaming/TinyTeX/texmf-dist/tex/latex/hyperref/nameref.sty
Package: nameref 2022-05-17 v2.50 Cross-referencing by name of section
(c:/Users/rmkja/AppData/Roaming/TinyTeX/texmf-dist/tex/latex/refcount/refcount.sty
Package: refcount 2019/12/15 v3.6 Data extraction from label references (HO)
) (c:/Users/rmkja/AppData/Roaming/TinyTeX/texmf-dist/tex/generic/gettitlestring/gettitlestring.sty
Package: gettitlestring 2019/12/15 v1.6 Cleanup title references (HO)
(c:/Users/rmkja/AppData/Roaming/TinyTeX/texmf-dist/tex/latex/kvoptions/kvoptions.sty
Package: kvoptions 2022-06-15 v3.15 Key value format for package options (HO)
))
\c@section@level=\count303
)
\@linkdim=\dimen186
\Hy@linkcounter=\count304
\Hy@pagecounter=\count305
(c:/Users/rmkja/AppData/Roaming/TinyTeX/texmf-dist/tex/latex/hyperref/pd1enc.def
File: pd1enc.def 2022-11-13 v7.00u Hyperref: PDFDocEncoding definition (HO)
Now handling font encoding PD1 ...
... no UTF-8 mapping file for font encoding PD1
) (c:/Users/rmkja/AppData/Roaming/TinyTeX/texmf-dist/tex/generic/intcalc/intcalc.sty
Package: intcalc 2019/12/15 v1.3 Expandable calculations with integers (HO)
) (c:/Users/rmkja/AppData/Roaming/TinyTeX/texmf-dist/tex/generic/etexcmds/etexcmds.sty
Package: etexcmds 2019/12/15 v1.7 Avoid name clashes with e-TeX commands (HO)
)
\Hy@SavedSpaceFactor=\count306
(c:/Users/rmkja/AppData/Roaming/TinyTeX/texmf-dist/tex/latex/hyperref/puenc.def
File: puenc.def 2022-11-13 v7.00u Hyperref: PDF Unicode definition (HO)
Now handling font encoding PU ...
... no UTF-8 mapping file for font encoding PU
)
Package hyperref Info: Hyper figures OFF on input line 4162.
Package hyperref Info: Link nesting OFF on input line 4167.
Package hyperref Info: Hyper index ON on input line 4170.
Package hyperref Info: Plain pages OFF on input line 4177.
Package hyperref Info: Backreferencing OFF on input line 4182.
Package hyperref Info: Implicit mode ON; LaTeX internals redefined.
Package hyperref Info: Bookmarks ON on input line 4410.
\c@Hy@tempcnt=\count307
LaTeX Info: Redefining \url on input line 4748.
\XeTeXLinkMargin=\dimen187
(c:/Users/rmkja/AppData/Roaming/TinyTeX/texmf-dist/tex/generic/bitset/bitset.sty
Package: bitset 2019/12/09 v1.3 Handle bit-vector datatype (HO)
(c:/Users/rmkja/AppData/Roaming/TinyTeX/texmf-dist/tex/generic/bigintcalc/bigintcalc.sty
Package: bigintcalc 2019/12/15 v1.5 Expandable calculations on big integers (HO)
))
\Fld@menulength=\count308
\Field@Width=\dimen188
\Fld@charsize=\dimen189
Package hyperref Info: Hyper figures OFF on input line 6027.
Package hyperref Info: Link nesting OFF on input line 6032.
Package hyperref Info: Hyper index ON on input line 6035.
Package hyperref Info: backreferencing OFF on input line 6042.
Package hyperref Info: Link coloring OFF on input line 6047.
Package hyperref Info: Link coloring with OCG OFF on input line 6052.
Package hyperref Info: PDF/A mode OFF on input line 6057.
(c:/Users/rmkja/AppData/Roaming/TinyTeX/texmf-dist/tex/latex/base/atbegshi-ltx.sty
Package: atbegshi-ltx 2021/01/10 v1.0c Emulation of the original atbegshi
package with kernel methods
)
\Hy@abspage=\count309
\c@Item=\count310
\c@Hfootnote=\count311
)
Package hyperref Info: Driver (autodetected): hpdftex.
(c:/Users/rmkja/AppData/Roaming/TinyTeX/texmf-dist/tex/latex/hyperref/hpdftex.def
File: hpdftex.def 2022-11-13 v7.00u Hyperref driver for pdfTeX
(c:/Users/rmkja/AppData/Roaming/TinyTeX/texmf-dist/tex/latex/base/atveryend-ltx.sty
Package: atveryend-ltx 2020/08/19 v1.0a Emulation of the original atveryend package
with kernel methods
)
\Fld@listcount=\count312
\c@bookmark@seq@number=\count313
(c:/Users/rmkja/AppData/Roaming/TinyTeX/texmf-dist/tex/latex/rerunfilecheck/rerunfilecheck.sty
Package: rerunfilecheck 2022-07-10 v1.10 Rerun checks for auxiliary files (HO)
(c:/Users/rmkja/AppData/Roaming/TinyTeX/texmf-dist/tex/generic/uniquecounter/uniquecounter.sty
Package: uniquecounter 2019/12/15 v1.4 Provide unlimited unique counter (HO)
)
Package uniquecounter Info: New unique counter `rerunfilecheck' on input line 285.
)
\Hy@SectionHShift=\skip73
) (c:/Users/rmkja/AppData/Roaming/TinyTeX/texmf-dist/tex/latex/lm/lmodern.sty
Package: lmodern 2015/05/01 v1.6.1 Latin Modern Fonts
LaTeX Font Info:    Overwriting symbol font `operators' in version `normal'
(Font)                  OT1/cmr/m/n --> OT1/lmr/m/n on input line 22.
LaTeX Font Info:    Overwriting symbol font `letters' in version `normal'
(Font)                  OML/cmm/m/it --> OML/lmm/m/it on input line 23.
LaTeX Font Info:    Overwriting symbol font `symbols' in version `normal'
(Font)                  OMS/cmsy/m/n --> OMS/lmsy/m/n on input line 24.
LaTeX Font Info:    Overwriting symbol font `largesymbols' in version `normal'
(Font)                  OMX/cmex/m/n --> OMX/lmex/m/n on input line 25.
LaTeX Font Info:    Overwriting symbol font `operators' in version `bold'
(Font)                  OT1/cmr/bx/n --> OT1/lmr/bx/n on input line 26.
LaTeX Font Info:    Overwriting symbol font `letters' in version `bold'
(Font)                  OML/cmm/b/it --> OML/lmm/b/it on input line 27.
LaTeX Font Info:    Overwriting symbol font `symbols' in version `bold'
(Font)                  OMS/cmsy/b/n --> OMS/lmsy/b/n on input line 28.
LaTeX Font Info:    Overwriting symbol font `largesymbols' in version `bold'
(Font)                  OMX/cmex/m/n --> OMX/lmex/m/n on input line 29.
LaTeX Font Info:    Overwriting math alphabet `\mathbf' in version `normal'
(Font)                  OT1/cmr/bx/n --> OT1/lmr/bx/n on input line 31.
LaTeX Font Info:    Overwriting math alphabet `\mathsf' in version `normal'
(Font)                  OT1/cmss/m/n --> OT1/lmss/m/n on input line 32.
LaTeX Font Info:    Overwriting math alphabet `\mathit' in version `normal'
(Font)                  OT1/cmr/m/it --> OT1/lmr/m/it on input line 33.
LaTeX Font Info:    Overwriting math alphabet `\mathtt' in version `normal'
(Font)                  OT1/cmtt/m/n --> OT1/lmtt/m/n on input line 34.
LaTeX Font Info:    Overwriting math alphabet `\mathbf' in version `bold'
(Font)                  OT1/cmr/bx/n --> OT1/lmr/bx/n on input line 35.
LaTeX Font Info:    Overwriting math alphabet `\mathsf' in version `bold'
(Font)                  OT1/cmss/bx/n --> OT1/lmss/bx/n on input line 36.
LaTeX Font Info:    Overwriting math alphabet `\mathit' in version `bold'
(Font)                  OT1/cmr/bx/it --> OT1/lmr/bx/it on input line 37.
LaTeX Font Info:    Overwriting math alphabet `\mathtt' in version `bold'
(Font)                  OT1/cmtt/m/n --> OT1/lmtt/m/n on input line 38.
) (c:/Users/rmkja/AppData/Roaming/TinyTeX/texmf-dist/tex/latex/graphics/rotating.sty
Package: rotating 2016/08/11 v2.16d rotated objects in LaTeX
(c:/Users/rmkja/AppData/Roaming/TinyTeX/texmf-dist/tex/latex/base/ifthen.sty
Package: ifthen 2022/04/13 v1.1d Standard LaTeX ifthen package (DPC)
)
\c@r@tfl@t=\count314
\rotFPtop=\skip74
\rotFPbot=\skip75
\rot@float@box=\box70
\rot@mess@toks=\toks34
) (c:/Users/rmkja/AppData/Roaming/TinyTeX/texmf-dist/tex/latex/float/float.sty
Package: float 2001/11/08 v1.3d Float enhancements (AL)
\c@float@type=\count315
\float@exts=\toks35
\float@box=\box71
\@float@everytoks=\toks36
\@floatcapt=\box72
) (c:/Users/rmkja/AppData/Roaming/TinyTeX/texmf-dist/tex/latex/graphics/lscape.sty
Package: lscape 2020/05/28 v3.02 Landscape Pages (DPC)
) (c:/Users/rmkja/AppData/Roaming/TinyTeX/texmf-dist/tex/latex/tools/afterpage.sty
Package: afterpage 2014/10/28 v1.08 After-Page Package (DPC)
\AP@output=\toks37
\AP@partial=\box73
\AP@footins=\box74
) (c:/Users/rmkja/AppData/Roaming/TinyTeX/texmf-dist/tex/latex/tools/indentfirst.sty
Package: indentfirst 1995/11/23 v1.03 Indent first paragraph (DPC)
) (c:/Users/rmkja/AppData/Roaming/TinyTeX/texmf-dist/tex/latex/tocloft/tocloft.sty
Package: tocloft 2017/08/31 v2.3i parameterised ToC, etc., typesetting
Package tocloft Info: The document has chapter divisions on input line 51.
\cftparskip=\skip76
\cftbeforetoctitleskip=\skip77
\cftaftertoctitleskip=\skip78
\cftbeforepartskip=\skip79
\cftpartnumwidth=\skip80
\cftpartindent=\skip81
\cftbeforechapskip=\skip82
\cftchapindent=\skip83
\cftchapnumwidth=\skip84
\cftbeforesecskip=\skip85
\cftsecindent=\skip86
\cftsecnumwidth=\skip87
\cftbeforesubsecskip=\skip88
\cftsubsecindent=\skip89
\cftsubsecnumwidth=\skip90
\cftbeforesubsubsecskip=\skip91
\cftsubsubsecindent=\skip92
\cftsubsubsecnumwidth=\skip93
\cftbeforeparaskip=\skip94
\cftparaindent=\skip95
\cftparanumwidth=\skip96
\cftbeforesubparaskip=\skip97
\cftsubparaindent=\skip98
\cftsubparanumwidth=\skip99
\cftbeforeloftitleskip=\skip100
\cftafterloftitleskip=\skip101
\cftbeforefigskip=\skip102
\cftfigindent=\skip103
\cftfignumwidth=\skip104
\c@lofdepth=\count316
\c@lotdepth=\count317
\cftbeforelottitleskip=\skip105
\cftafterlottitleskip=\skip106
\cftbeforetabskip=\skip107
\cfttabindent=\skip108
\cfttabnumwidth=\skip109
) (c:/Users/rmkja/AppData/Roaming/TinyTeX/texmf-dist/tex/latex/breakcites/breakcites.sty) (c:/Users/rmkja/AppData/Roaming/TinyTeX/texmf-dist/tex/latex/caption/caption.sty
Package: caption 2022/03/01 v3.6b Customizing captions (AR)
(c:/Users/rmkja/AppData/Roaming/TinyTeX/texmf-dist/tex/latex/caption/caption3.sty
Package: caption3 2022/03/17 v2.3b caption3 kernel (AR)
\caption@tempdima=\dimen190
\captionmargin=\dimen191
\caption@leftmargin=\dimen192
\caption@rightmargin=\dimen193
\caption@width=\dimen194
\caption@indent=\dimen195
\caption@parindent=\dimen196
\caption@hangindent=\dimen197
Package caption Info: Standard document class detected.
)
\c@caption@flags=\count318
\c@continuedfloat=\count319
Package caption Info: float package is loaded.
Package caption Info: hyperref package is loaded.
Package caption Info: longtable package is loaded.
(c:/Users/rmkja/AppData/Roaming/TinyTeX/texmf-dist/tex/latex/caption/ltcaption.sty
Package: ltcaption 2021/01/08 v1.4c longtable captions (AR)
)
Package caption Info: rotating package is loaded.
) (c:/Users/rmkja/AppData/Roaming/TinyTeX/texmf-dist/tex/generic/ulem/ulem.sty
\UL@box=\box75
\UL@hyphenbox=\box76
\UL@skip=\skip110
\UL@hook=\toks38
\UL@height=\dimen198
\UL@pe=\count320
\UL@pixel=\dimen199
\ULC@box=\box77
Package: ulem 2019/11/18
\ULdepth=\dimen256
) (c:/Users/rmkja/AppData/Roaming/TinyTeX/texmf-dist/tex/latex/colortbl/colortbl.sty
Package: colortbl 2022/06/20 v1.0f Color table columns (DPC)
\everycr=\toks39
\minrowclearance=\skip111
\rownum=\count321
) (c:/Users/rmkja/AppData/Roaming/TinyTeX/texmf-dist/tex/latex/multirow/multirow.sty
Package: multirow 2021/03/15 v2.8 Span multiple rows of a table
\multirow@colwidth=\skip112
\multirow@cntb=\count322
\multirow@dima=\skip113
\bigstrutjot=\dimen257
) (c:/Users/rmkja/AppData/Roaming/TinyTeX/texmf-dist/tex/latex/tools/hhline.sty
Package: hhline 2020/01/04 v2.04 Table rule package (DPC)
) (c:/Users/rmkja/AppData/Roaming/TinyTeX/texmf-dist/tex/latex/tools/calc.sty
Package: calc 2017/05/25 v4.3 Infix arithmetic (KKT,FJ)
\calc@Acount=\count323
\calc@Bcount=\count324
\calc@Adimen=\dimen258
\calc@Bdimen=\dimen259
\calc@Askip=\skip114
\calc@Bskip=\skip115
LaTeX Info: Redefining \setlength on input line 80.
LaTeX Info: Redefining \addtolength on input line 81.
\calc@Ccount=\count325
\calc@Cskip=\skip116
) (c:/Users/rmkja/AppData/Roaming/TinyTeX/texmf-dist/tex/latex/tools/tabularx.sty
Package: tabularx 2020/01/15 v2.11c `tabularx' package (DPC)
\TX@col@width=\dimen260
\TX@old@table=\dimen261
\TX@old@col=\dimen262
\TX@target=\dimen263
\TX@delta=\dimen264
\TX@cols=\count326
\TX@ftn=\toks40
) (c:/Users/rmkja/AppData/Roaming/TinyTeX/texmf-dist/tex/latex/threeparttable/threeparttable.sty
Package: threeparttable 2003/06/13  v 3.0
\@tempboxb=\box78
) (c:/Users/rmkja/AppData/Roaming/TinyTeX/texmf-dist/tex/latex/wrapfig/wrapfig.sty
\wrapoverhang=\dimen265
\WF@size=\dimen266
\c@WF@wrappedlines=\count327
\WF@box=\box79
\WF@everypar=\toks41
Package: wrapfig 2003/01/31  v 3.6
) (c:/Users/rmkja/AppData/Roaming/TinyTeX/texmf-dist/tex/latex/adjustbox/adjustbox.sty
Package: adjustbox 2022/10/17 v1.3a Adjusting TeX boxes (trim, clip, ...)
(c:/Users/rmkja/AppData/Roaming/TinyTeX/texmf-dist/tex/latex/xkeyval/xkeyval.sty
Package: xkeyval 2022/06/16 v2.9 package option processing (HA)
(c:/Users/rmkja/AppData/Roaming/TinyTeX/texmf-dist/tex/generic/xkeyval/xkeyval.tex (c:/Users/rmkja/AppData/Roaming/TinyTeX/texmf-dist/tex/generic/xkeyval/xkvutils.tex
\XKV@toks=\toks42
\XKV@tempa@toks=\toks43
)
\XKV@depth=\count328
File: xkeyval.tex 2014/12/03 v2.7a key=value parser (HA)
)) (c:/Users/rmkja/AppData/Roaming/TinyTeX/texmf-dist/tex/latex/adjustbox/adjcalc.sty
Package: adjcalc 2012/05/16 v1.1 Provides advanced setlength with multiple back-ends (calc, etex, pgfmath)
) (c:/Users/rmkja/AppData/Roaming/TinyTeX/texmf-dist/tex/latex/adjustbox/trimclip.sty
Package: trimclip 2020/08/19 v1.2 Trim and clip general TeX material
(c:/Users/rmkja/AppData/Roaming/TinyTeX/texmf-dist/tex/latex/collectbox/collectbox.sty
Package: collectbox 2022/10/17 v0.4c Collect macro arguments as boxes
\collectedbox=\box80
)
\tc@llx=\dimen267
\tc@lly=\dimen268
\tc@urx=\dimen269
\tc@ury=\dimen270
Package trimclip Info: Using driver 'tc-pdftex.def'.
(c:/Users/rmkja/AppData/Roaming/TinyTeX/texmf-dist/tex/latex/adjustbox/tc-pdftex.def
File: tc-pdftex.def 2019/01/04 v2.2 Clipping driver for pdftex
))
\adjbox@Width=\dimen271
\adjbox@Height=\dimen272
\adjbox@Depth=\dimen273
\adjbox@Totalheight=\dimen274
\adjbox@pwidth=\dimen275
\adjbox@pheight=\dimen276
\adjbox@pdepth=\dimen277
\adjbox@ptotalheight=\dimen278
(c:/Users/rmkja/AppData/Roaming/TinyTeX/texmf-dist/tex/latex/varwidth/varwidth.sty
Package: varwidth 2009/03/30 ver 0.92;  Variable-width minipages
\@vwid@box=\box81
\sift@deathcycles=\count329
\@vwid@loff=\dimen279
\@vwid@roff=\dimen280
))
Package hyperref Info: Option `colorlinks' set `true' on input line 58.
Package hyperref Info: Option `breaklinks' set `true' on input line 58.
(c:/Users/rmkja/AppData/Roaming/TinyTeX/texmf-dist/tex/latex/base/fontenc.sty
Package: fontenc 2021/04/29 v2.0v Standard LaTeX package
LaTeX Font Info:    Trying to load font information for T1+lmr on input line 112.
(c:/Users/rmkja/AppData/Roaming/TinyTeX/texmf-dist/tex/latex/lm/t1lmr.fd
File: t1lmr.fd 2015/05/01 v1.6.1 Font defs for Latin Modern
)) (c:/Users/rmkja/AppData/Roaming/TinyTeX/texmf-dist/tex/latex/psnfss/mathptmx.sty
Package: mathptmx 2020/03/25 PSNFSS-v9.3 Times w/ Math, improved (SPQR, WaS) 
LaTeX Font Info:    Redeclaring symbol font `operators' on input line 28.
LaTeX Font Info:    Overwriting symbol font `operators' in version `normal'
(Font)                  OT1/lmr/m/n --> OT1/ztmcm/m/n on input line 28.
LaTeX Font Info:    Overwriting symbol font `operators' in version `bold'
(Font)                  OT1/lmr/bx/n --> OT1/ztmcm/m/n on input line 28.
LaTeX Font Info:    Redeclaring symbol font `letters' on input line 29.
LaTeX Font Info:    Overwriting symbol font `letters' in version `normal'
(Font)                  OML/lmm/m/it --> OML/ztmcm/m/it on input line 29.
LaTeX Font Info:    Overwriting symbol font `letters' in version `bold'
(Font)                  OML/lmm/b/it --> OML/ztmcm/m/it on input line 29.
LaTeX Font Info:    Redeclaring symbol font `symbols' on input line 30.
LaTeX Font Info:    Overwriting symbol font `symbols' in version `normal'
(Font)                  OMS/lmsy/m/n --> OMS/ztmcm/m/n on input line 30.
LaTeX Font Info:    Overwriting symbol font `symbols' in version `bold'
(Font)                  OMS/lmsy/b/n --> OMS/ztmcm/m/n on input line 30.
LaTeX Font Info:    Redeclaring symbol font `largesymbols' on input line 31.
LaTeX Font Info:    Overwriting symbol font `largesymbols' in version `normal'
(Font)                  OMX/lmex/m/n --> OMX/ztmcm/m/n on input line 31.
LaTeX Font Info:    Overwriting symbol font `largesymbols' in version `bold'
(Font)                  OMX/lmex/m/n --> OMX/ztmcm/m/n on input line 31.
\symbold=\mathgroup7
\symitalic=\mathgroup8
LaTeX Font Info:    Redeclaring math alphabet \mathbf on input line 34.
LaTeX Font Info:    Overwriting math alphabet `\mathbf' in version `normal'
(Font)                  OT1/lmr/bx/n --> OT1/ptm/bx/n on input line 34.
LaTeX Font Info:    Overwriting math alphabet `\mathbf' in version `bold'
(Font)                  OT1/lmr/bx/n --> OT1/ptm/bx/n on input line 34.
LaTeX Font Info:    Redeclaring math alphabet \mathit on input line 35.
LaTeX Font Info:    Overwriting math alphabet `\mathit' in version `normal'
(Font)                  OT1/lmr/m/it --> OT1/ptm/m/it on input line 35.
LaTeX Font Info:    Overwriting math alphabet `\mathit' in version `bold'
(Font)                  OT1/lmr/bx/it --> OT1/ptm/m/it on input line 35.
LaTeX Info: Redefining \hbar on input line 50.
) (c:/Users/rmkja/AppData/Roaming/TinyTeX/texmf-dist/tex/latex/lineno/lineno.sty
Package: lineno 2023/01/19 line numbers on paragraphs v5.1
\linenopenalty=\count330
\output=\toks44
\linenoprevgraf=\count331
\linenumbersep=\dimen281
\linenumberwidth=\dimen282
\c@linenumber=\count332
\c@pagewiselinenumber=\count333
\c@LN@truepage=\count334
\c@internallinenumber=\count335
\c@internallinenumbers=\count336
\quotelinenumbersep=\dimen283
\bframerule=\dimen284
\bframesep=\dimen285
\bframebox=\box82
\linenoamsmath@ams@eqpen=\count337
LaTeX Info: Redefining \\ on input line 3131.
) (c:/Users/rmkja/AppData/Roaming/TinyTeX/texmf-dist/tex/latex/pdflscape/pdflscape.sty
Package: pdflscape 2022-10-27 v0.13 Display of landscape pages in PDF
(c:/Users/rmkja/AppData/Roaming/TinyTeX/texmf-dist/tex/latex/pdflscape/pdflscape-nometadata.sty
Package: pdflscape-nometadata 2022-10-28 v0.13 Display of landscape pages in PDF (HO)
Package pdflscape Info: Auto-detected driver: pdftex on input line 81.
)) (c:/Users/rmkja/AppData/Roaming/TinyTeX/texmf-dist/tex/latex/tabu/tabu.sty
Package: tabu 2019/01/11 v2.9 - flexible LaTeX tabulars (FC+tabu-fixed)
\c@taburow=\count338
\tabu@nbcols=\count339
\tabu@cnt=\count340
\tabu@Xcol=\count341
\tabu@alloc=\count342
\tabu@nested=\count343
\tabu@target=\dimen286
\tabu@spreadtarget=\dimen287
\tabu@naturalX=\dimen288
\tabucolX=\dimen289
\tabu@Xsum=\dimen290
\extrarowdepth=\dimen291
\abovetabulinesep=\dimen292
\belowtabulinesep=\dimen293
\tabustrutrule=\dimen294
\tabu@thebody=\toks45
\tabu@footnotes=\toks46
\tabu@box=\box83
\tabu@arstrutbox=\box84
\tabu@hleads=\box85
\tabu@vleads=\box86
\tabu@cellskip=\skip117
) (c:/Users/rmkja/AppData/Roaming/TinyTeX/texmf-dist/tex/latex/threeparttablex/threeparttablex.sty
Package: threeparttablex 2013/07/23 v0.3 by daleif
(c:/Users/rmkja/AppData/Roaming/TinyTeX/texmf-dist/tex/latex/environ/environ.sty
Package: environ 2014/05/04 v0.3 A new way to define environments
(c:/Users/rmkja/AppData/Roaming/TinyTeX/texmf-dist/tex/latex/trimspaces/trimspaces.sty
Package: trimspaces 2009/09/17 v1.1 Trim spaces around a token list
))
\TPTL@width=\skip118
) (c:/Users/rmkja/AppData/Roaming/TinyTeX/texmf-dist/tex/latex/makecell/makecell.sty
Package: makecell 2009/08/03 V0.1e Managing of Tab Column Heads and Cells
\rotheadsize=\dimen295
\c@nlinenum=\count344
\TeXr@lab=\toks47
)
\cslhangindent=\skip119
\csllabelwidth=\skip120
LaTeX Font Info:    Trying to load font information for T1+ptm on input line 362.
(c:/Users/rmkja/AppData/Roaming/TinyTeX/texmf-dist/tex/latex/psnfss/t1ptm.fd
File: t1ptm.fd 2001/06/04 font definitions for T1/ptm.
) (c:/Users/rmkja/AppData/Roaming/TinyTeX/texmf-dist/tex/latex/l3backend/l3backend-pdftex.def
File: l3backend-pdftex.def 2023-01-16 L3 backend support: PDF output (pdfTeX)
\l__color_backend_stack_int=\count345
\l__pdf_internal_box=\box87
) (./glasgow_thesis.aux)
\openout1 = `glasgow_thesis.aux'.

LaTeX Font Info:    Checking defaults for OML/cmm/m/it on input line 362.
LaTeX Font Info:    ... okay on input line 362.
LaTeX Font Info:    Checking defaults for OMS/cmsy/m/n on input line 362.
LaTeX Font Info:    ... okay on input line 362.
LaTeX Font Info:    Checking defaults for OT1/cmr/m/n on input line 362.
LaTeX Font Info:    ... okay on input line 362.
LaTeX Font Info:    Checking defaults for T1/cmr/m/n on input line 362.
LaTeX Font Info:    ... okay on input line 362.
LaTeX Font Info:    Checking defaults for TS1/cmr/m/n on input line 362.
LaTeX Font Info:    ... okay on input line 362.
LaTeX Font Info:    Checking defaults for OMX/cmex/m/n on input line 362.
LaTeX Font Info:    ... okay on input line 362.
LaTeX Font Info:    Checking defaults for U/cmr/m/n on input line 362.
LaTeX Font Info:    ... okay on input line 362.
LaTeX Font Info:    Checking defaults for PD1/pdf/m/n on input line 362.
LaTeX Font Info:    ... okay on input line 362.
LaTeX Font Info:    Checking defaults for PU/pdf/m/n on input line 362.
LaTeX Font Info:    ... okay on input line 362.
LaTeX Info: Redefining \microtypecontext on input line 362.
Package microtype Info: Applying patch `item' on input line 362.
Package microtype Info: Applying patch `toc' on input line 362.
Package microtype Info: Applying patch `eqnum' on input line 362.
Package microtype Info: Applying patch `footnote' on input line 362.
Package microtype Info: Generating PDF output.
Package microtype Info: Character protrusion enabled (level 2).
Package microtype Info: Using protrusion set `basicmath'.
Package microtype Info: Automatic font expansion enabled (level 2),
(microtype)             stretch: 20, shrink: 20, step: 1, non-selected.
Package microtype Info: Using default expansion set `alltext-nott'.
LaTeX Info: Redefining \showhyphens on input line 362.
Package microtype Info: No adjustment of tracking.
Package microtype Info: No adjustment of interword spacing.
Package microtype Info: No adjustment of character kerning.
(c:/Users/rmkja/AppData/Roaming/TinyTeX/texmf-dist/tex/latex/microtype/mt-ptm.cfg
File: mt-ptm.cfg 2006/04/20 v1.7 microtype config. file: Times (RS)
) (c:/Users/rmkja/AppData/Roaming/TinyTeX/texmf-dist/tex/context/base/mkii/supp-pdf.mkii
[Loading MPS to PDF converter (version 2006.09.02).]
\scratchcounter=\count346
\scratchdimen=\dimen296
\scratchbox=\box88
\nofMPsegments=\count347
\nofMParguments=\count348
\everyMPshowfont=\toks48
\MPscratchCnt=\count349
\MPscratchDim=\dimen297
\MPnumerator=\count350
\makeMPintoPDFobject=\count351
\everyMPtoPDFconversion=\toks49
) (c:/Users/rmkja/AppData/Roaming/TinyTeX/texmf-dist/tex/latex/epstopdf-pkg/epstopdf-base.sty
Package: epstopdf-base 2020-01-24 v2.11 Base part for package epstopdf
Package epstopdf-base Info: Redefining graphics rule for `.eps' on input line 485.
(c:/Users/rmkja/AppData/Roaming/TinyTeX/texmf-dist/tex/latex/latexconfig/epstopdf-sys.cfg
File: epstopdf-sys.cfg 2010/07/13 v1.3 Configuration of (r)epstopdf for TeX Live
))
*geometry* driver: auto-detecting
*geometry* detected driver: pdftex
*geometry* verbose mode - [ preamble ] result:
* driver: pdftex
* paper: <default>
* layout: <same size as paper>
* layoutoffset:(h,v)=(0.0pt,0.0pt)
* modes: twoside 
* h-part:(L,W,R)=(113.81102pt, 457.80486pt, 42.67912pt)
* v-part:(T,H,B)=(51.21504pt, 692.5399pt, 51.21504pt)
* \paperwidth=614.295pt
* \paperheight=794.96999pt
* \textwidth=457.80486pt
* \textheight=692.5399pt
* \oddsidemargin=41.54103pt
* \evensidemargin=42.67912pt
* \topmargin=-52.92874pt
* \headheight=12.0pt
* \headsep=19.8738pt
* \topskip=12.0pt
* \footskip=30.0pt
* \marginparwidth=98.0pt
* \marginparsep=7.0pt
* \columnsep=10.0pt
* \skip\footins=10.8pt plus 4.0pt minus 2.0pt
* \hoffset=0.0pt
* \voffset=0.0pt
* \mag=1000
* \@twocolumnfalse
* \@twosidetrue
* \@mparswitchtrue
* \@reversemarginfalse
* (1in=72.27pt=25.4mm, 1cm=28.453pt)

Package hyperref Info: Link coloring ON on input line 362.
(./glasgow_thesis.out) (./glasgow_thesis.out)
\@outlinefile=\write4
\openout4 = `glasgow_thesis.out'.

Package caption Info: Begin \AtBeginDocument code.
Package caption Info: threeparttable package is loaded.
Package caption Info: wrapfig package is loaded.
Package caption Info: End \AtBeginDocument code.
<figure/gla_logo.pdf, id=689, 1487.5575pt x 544.0325pt>
File: figure/gla_logo.pdf Graphic file (type pdf)
<use figure/gla_logo.pdf>
Package pdftex.def Info: figure/gla_logo.pdf  used on input line 364.
(pdftex.def)             Requested size: 208.25662pt x 76.16403pt.
[1


{c:/Users/rmkja/AppData/Roaming/TinyTeX/texmf-var/fonts/map/pdftex/updmap/pdftex.map} <./figure/gla_logo.pdf>] [2

] [2

] [3] [4] [5


] [6] [7


] (./glasgow_thesis.toc
LaTeX Font Info:    Trying to load font information for OT1+ztmcm on input line 1.
(c:/Users/rmkja/AppData/Roaming/TinyTeX/texmf-dist/tex/latex/psnfss/ot1ztmcm.fd
File: ot1ztmcm.fd 2000/01/03 Fontinst v1.801 font definitions for OT1/ztmcm.
)
LaTeX Font Info:    Trying to load font information for OML+ztmcm on input line 1.
(c:/Users/rmkja/AppData/Roaming/TinyTeX/texmf-dist/tex/latex/psnfss/omlztmcm.fd
File: omlztmcm.fd 2000/01/03 Fontinst v1.801 font definitions for OML/ztmcm.
)
LaTeX Font Info:    Trying to load font information for OMS+ztmcm on input line 1.
(c:/Users/rmkja/AppData/Roaming/TinyTeX/texmf-dist/tex/latex/psnfss/omsztmcm.fd
File: omsztmcm.fd 2000/01/03 Fontinst v1.801 font definitions for OMS/ztmcm.
)
LaTeX Font Info:    Trying to load font information for OMX+ztmcm on input line 1.
(c:/Users/rmkja/AppData/Roaming/TinyTeX/texmf-dist/tex/latex/psnfss/omxztmcm.fd
File: omxztmcm.fd 2000/01/03 Fontinst v1.801 font definitions for OMX/ztmcm.
)
LaTeX Font Info:    Trying to load font information for U+lasy on input line 1.
(c:/Users/rmkja/AppData/Roaming/TinyTeX/texmf-dist/tex/latex/base/ulasy.fd
File: ulasy.fd 1998/08/17 v2.2e LaTeX symbol font definitions
) (c:/Users/rmkja/AppData/Roaming/TinyTeX/texmf-dist/tex/latex/microtype/mt-msa.cfg
File: mt-msa.cfg 2006/02/04 v1.1 microtype config. file: AMS symbols (a) (RS)
) (c:/Users/rmkja/AppData/Roaming/TinyTeX/texmf-dist/tex/latex/microtype/mt-msb.cfg
File: mt-msb.cfg 2005/06/01 v1.0 microtype config. file: AMS symbols (b) (RS)
)
LaTeX Font Info:    Trying to load font information for OT1+ptm on input line 1.
(c:/Users/rmkja/AppData/Roaming/TinyTeX/texmf-dist/tex/latex/psnfss/ot1ptm.fd
File: ot1ptm.fd 2001/06/04 font definitions for OT1/ptm.
)
LaTeX Font Info:    Font shape `OT1/ptm/bx/n' in size <12> not available
(Font)              Font shape `OT1/ptm/b/n' tried instead on input line 1.
LaTeX Font Info:    Font shape `OT1/ptm/bx/n' in size <9> not available
(Font)              Font shape `OT1/ptm/b/n' tried instead on input line 1.
LaTeX Font Info:    Font shape `OT1/ptm/bx/n' in size <7> not available
(Font)              Font shape `OT1/ptm/b/n' tried instead on input line 1.
[8

] [9] [10] [11] [12] [13])
\tf@toc=\write5
\openout5 = `glasgow_thesis.toc'.

(./glasgow_thesis.lot)
\tf@lot=\write6
\openout6 = `glasgow_thesis.lot'.

(./glasgow_thesis.lof [14] [15])
\tf@lof=\write7
\openout7 = `glasgow_thesis.lof'.

[16]
LaTeX Font Info:    Trying to load font information for T1+lmtt on input line 442.
(c:/Users/rmkja/AppData/Roaming/TinyTeX/texmf-dist/tex/latex/lm/t1lmtt.fd
File: t1lmtt.fd 2015/05/01 v1.6.1 Font defs for Latin Modern
) [17

] [18]
pdfTeX warning (ext4): destination with the same identifier (name{page.xviii}) has been already used, duplicate ignored
<to be read again> 
                   \relax 
l.513   \end{abbreviations}
                            [18

]
pdfTeX warning (ext4): destination with the same identifier (name{page.1}) has been already used, duplicate ignored
<to be read again> 
                   \relax 
l.539 \end{quote}
                  [1


]
pdfTeX warning (ext4): destination with the same identifier (name{page.2}) has been already used, duplicate ignored
<to be read again> 
                   \relax 
l.551 \end{quote}
                  [2] [3] [4

]
Chapter 1.
[5] [6] [7] [8] [9] [10] [11] [12] [13] [14] [15] [16]
Chapter 2.
[17

] [18] [19] [20] [21] [22]
Overfull \hbox (3.35727pt too wide) in paragraph at lines 789--790
\T1/ptm/m/it/12 (-20) ``ineffective''\T1/ptm/m/n/12 (-20) , \T1/ptm/m/it/12 (-20) ``incomprehensible''\T1/ptm/m/n/12 (-20) , \T1/ptm/m/it/12 (-20) ``dangerous''\T1/ptm/m/n/12 (-20) , \T1/ptm/m/it/12 (-20) ``unworthy''\T1/ptm/m/n/12 (-20) , \T1/ptm/m/it/12 (-20) ``immoral''\T1/ptm/m/n/12 (-20) , \T1/ptm/m/it/12 (-20) ``undesirable to be with
 []

[23] [24] [25] [26] [27] [28] [29] [30] [31] [32] [33] [34] [35] [36] [37] [38] [39] [40] [41] [42] [43] [44] [45] [46] [47] [48] [49] [50] [51] [52

]
Chapter 3.
[53] [54] [55] [56] [57] [58] [59] [60] [61] [62] [63] [64] [65]
LaTeX Font Info:    Trying to load font information for TS1+lmtt on input line 1196.
(c:/Users/rmkja/AppData/Roaming/TinyTeX/texmf-dist/tex/latex/lm/ts1lmtt.fd
File: ts1lmtt.fd 2015/05/01 v1.6.1 Font defs for Latin Modern
) [66] [67] [68] [69] [70]
Chapter 4.
[71

] [72] [73] [74] [75] [76] [77] [78] [79] [80] [81] [82] [83] [84] [85] [86] [87

] [88]
Chapter 5.
[89

]
LaTeX Font Info:    Font shape `OT1/ptm/bx/n' in size <14.4> not available
(Font)              Font shape `OT1/ptm/b/n' tried instead on input line 1426.
LaTeX Font Info:    Font shape `OT1/ptm/bx/n' in size <10.95> not available
(Font)              Font shape `OT1/ptm/b/n' tried instead on input line 1426.
LaTeX Font Info:    Font shape `OT1/ptm/bx/n' in size <8> not available
(Font)              Font shape `OT1/ptm/b/n' tried instead on input line 1426.
[90] [91]
<figure/econ_act_gen.png, id=2171, 361.35pt x 216.81pt>
File: figure/econ_act_gen.png Graphic file (type png)
<use figure/econ_act_gen.png>
Package pdftex.def Info: figure/econ_act_gen.png  used on input line 1993.
(pdftex.def)             Requested size: 501.88358pt x 301.16321pt.

Overfull \hbox (44.07872pt too wide) in paragraph at lines 1993--1993
[][] 
 []

[92] [93 <./figure/econ_act_gen.png>]
<figure/at_gen.png, id=2188, 361.35pt x 216.81pt>
File: figure/at_gen.png Graphic file (type png)
<use figure/at_gen.png>
Package pdftex.def Info: figure/at_gen.png  used on input line 2010.
(pdftex.def)             Requested size: 501.88358pt x 301.16321pt.

Overfull \hbox (44.07872pt too wide) in paragraph at lines 2010--2010
[][] 
 []

[94 <./figure/at_gen.png>]
<figure/et_gen.png, id=2196, 361.35pt x 216.81pt>
File: figure/et_gen.png Graphic file (type png)
<use figure/et_gen.png>
Package pdftex.def Info: figure/et_gen.png  used on input line 2021.
(pdftex.def)             Requested size: 501.88358pt x 301.16321pt.

Overfull \hbox (44.07872pt too wide) in paragraph at lines 2021--2021
[][] 
 []

[95 <./figure/et_gen.png>]
<figure/inact.png, id=2203, 361.35pt x 216.81pt>
File: figure/inact.png Graphic file (type png)
<use figure/inact.png>
Package pdftex.def Info: figure/inact.png  used on input line 2034.
(pdftex.def)             Requested size: 501.88358pt x 301.16321pt.

Overfull \hbox (44.07872pt too wide) in paragraph at lines 2034--2034
[][] 
 []

[96] [97 <./figure/inact.png>]
<figure/emp_age.png, id=2214, 361.35pt x 216.81pt>
File: figure/emp_age.png Graphic file (type png)
<use figure/emp_age.png>
Package pdftex.def Info: figure/emp_age.png  used on input line 2051.
(pdftex.def)             Requested size: 501.88358pt x 301.16321pt.

Overfull \hbox (44.07872pt too wide) in paragraph at lines 2051--2051
[][] 
 []

[98 <./figure/emp_age.png>]
<figure/emp_ed.png, id=2221, 361.35pt x 216.81pt>
File: figure/emp_ed.png Graphic file (type png)
<use figure/emp_ed.png>
Package pdftex.def Info: figure/emp_ed.png  used on input line 2066.
(pdftex.def)             Requested size: 501.88358pt x 301.16321pt.

Overfull \hbox (44.07872pt too wide) in paragraph at lines 2066--2066
[][] 
 []

[99 <./figure/emp_ed.png>]
<figure/econ_sc.png, id=2228, 361.35pt x 216.81pt>
File: figure/econ_sc.png Graphic file (type png)
<use figure/econ_sc.png>
Package pdftex.def Info: figure/econ_sc.png  used on input line 2081.
(pdftex.def)             Requested size: 501.88358pt x 301.16321pt.

Overfull \hbox (44.07872pt too wide) in paragraph at lines 2081--2081
[][] 
 []

[100] [101 <./figure/econ_sc.png>]
<figure/econ_eth.png, id=2240, 361.35pt x 216.81pt>
File: figure/econ_eth.png Graphic file (type png)
<use figure/econ_eth.png>
Package pdftex.def Info: figure/econ_eth.png  used on input line 2098.
(pdftex.def)             Requested size: 501.88358pt x 301.16321pt.

Overfull \hbox (44.07872pt too wide) in paragraph at lines 2098--2098
[][] 
 []

[102 <./figure/econ_eth.png>]
<figure/econ_phc.png, id=2247, 361.35pt x 216.81pt>
File: figure/econ_phc.png Graphic file (type png)
<use figure/econ_phc.png>
Package pdftex.def Info: figure/econ_phc.png  used on input line 2115.
(pdftex.def)             Requested size: 501.88358pt x 301.16321pt.

Overfull \hbox (44.07872pt too wide) in paragraph at lines 2115--2115
[][] 
 []

[103] [104 <./figure/econ_phc.png>]
<figure/econ_trt.png, id=2258, 361.35pt x 216.81pt>
File: figure/econ_trt.png Graphic file (type png)
<use figure/econ_trt.png>
Package pdftex.def Info: figure/econ_trt.png  used on input line 2132.
(pdftex.def)             Requested size: 501.88358pt x 301.16321pt.

Overfull \hbox (44.07872pt too wide) in paragraph at lines 2132--2132
[][] 
 []

[105 <./figure/econ_trt.png>] [106]
<figure/econ_su.png, id=2270, 361.35pt x 216.81pt>
File: figure/econ_su.png Graphic file (type png)
<use figure/econ_su.png>
Package pdftex.def Info: figure/econ_su.png  used on input line 2149.
(pdftex.def)             Requested size: 501.88358pt x 301.16321pt.

Overfull \hbox (44.07872pt too wide) in paragraph at lines 2149--2149
[][] 
 []

[107 <./figure/econ_su.png>]
LaTeX Font Info:    Calculating math sizes for size <14> on input line 2229.

LaTeX Font Warning: Font shape `U/lasy/m/n' in size <8.40009> not available
(Font)              size <8> substituted on input line 2229.

LaTeX Font Info:    Font shape `OT1/ptm/bx/n' in size <14> not available
(Font)              Font shape `OT1/ptm/b/n' tried instead on input line 2229.
LaTeX Font Info:    Font shape `OT1/ptm/bx/n' in size <10.36008> not available
(Font)              Font shape `OT1/ptm/b/n' tried instead on input line 2229.
LaTeX Font Info:    Font shape `OT1/ptm/bx/n' in size <8.40009> not available
(Font)              Font shape `OT1/ptm/b/n' tried instead on input line 2229.
<figure/cmd_age.png, id=2278, 361.35pt x 216.81pt>
File: figure/cmd_age.png Graphic file (type png)
<use figure/cmd_age.png>
Package pdftex.def Info: figure/cmd_age.png  used on input line 2809.
(pdftex.def)             Requested size: 501.88358pt x 301.16321pt.

Overfull \hbox (44.07872pt too wide) in paragraph at lines 2809--2809
[][] 
 []

[108] [109] [110 <./figure/cmd_age.png>]
<figure/at_cmd.png, id=2298, 361.35pt x 216.81pt>
File: figure/at_cmd.png Graphic file (type png)
<use figure/at_cmd.png>
Package pdftex.def Info: figure/at_cmd.png  used on input line 2826.
(pdftex.def)             Requested size: 501.88358pt x 301.16321pt.

Overfull \hbox (44.07872pt too wide) in paragraph at lines 2826--2826
[][] 
 []

[111] [112 <./figure/at_cmd.png>]
<figure/et_cmd.png, id=2309, 361.35pt x 216.81pt>
File: figure/et_cmd.png Graphic file (type png)
<use figure/et_cmd.png>
Package pdftex.def Info: figure/et_cmd.png  used on input line 2843.
(pdftex.def)             Requested size: 501.88358pt x 301.16321pt.

Overfull \hbox (44.07872pt too wide) in paragraph at lines 2843--2843
[][] 
 []

[113] [114 <./figure/et_cmd.png>]
<figure/cmdt.png, id=2322, 361.35pt x 216.81pt>
File: figure/cmdt.png Graphic file (type png)
<use figure/cmdt.png>
Package pdftex.def Info: figure/cmdt.png  used on input line 2858.
(pdftex.def)             Requested size: 501.88358pt x 301.16321pt.

Overfull \hbox (44.07872pt too wide) in paragraph at lines 2858--2858
[][] 
 []

[115 <./figure/cmdt.png>] [116]
<figure/cmdir.png, id=2333, 361.35pt x 216.81pt>
File: figure/cmdir.png Graphic file (type png)
<use figure/cmdir.png>
Package pdftex.def Info: figure/cmdir.png  used on input line 2876.
(pdftex.def)             Requested size: 501.88358pt x 301.16321pt.

Overfull \hbox (44.07872pt too wide) in paragraph at lines 2876--2876
[][] 
 []

[117 <./figure/cmdir.png>] [118]
<figure/cmded.png, id=2345, 361.35pt x 216.81pt>
File: figure/cmded.png Graphic file (type png)
<use figure/cmded.png>
Package pdftex.def Info: figure/cmded.png  used on input line 2893.
(pdftex.def)             Requested size: 501.88358pt x 301.16321pt.

Overfull \hbox (44.07872pt too wide) in paragraph at lines 2893--2893
[][] 
 []

[119 <./figure/cmded.png>] [120]
<figure/cmdsc.png, id=2358, 361.35pt x 216.81pt>
File: figure/cmdsc.png Graphic file (type png)
<use figure/cmdsc.png>
Package pdftex.def Info: figure/cmdsc.png  used on input line 2916.
(pdftex.def)             Requested size: 501.88358pt x 301.16321pt.

Overfull \hbox (44.07872pt too wide) in paragraph at lines 2916--2916
[][] 
 []

[121 <./figure/cmdsc.png>]
<figure/cmdeth.png, id=2365, 361.35pt x 216.81pt>
File: figure/cmdeth.png Graphic file (type png)
<use figure/cmdeth.png>
Package pdftex.def Info: figure/cmdeth.png  used on input line 2931.
(pdftex.def)             Requested size: 501.88358pt x 301.16321pt.

Overfull \hbox (44.07872pt too wide) in paragraph at lines 2931--2931
[][] 
 []

[122 <./figure/cmdeth.png>]
<figure/cmdphc.png, id=2372, 361.35pt x 216.81pt>
File: figure/cmdphc.png Graphic file (type png)
<use figure/cmdphc.png>
Package pdftex.def Info: figure/cmdphc.png  used on input line 2947.
(pdftex.def)             Requested size: 501.88358pt x 301.16321pt.

Overfull \hbox (44.07872pt too wide) in paragraph at lines 2947--2947
[][] 
 []

[123] [124 <./figure/cmdphc.png>]
<figure/cmdtrt.png, id=2383, 361.35pt x 216.81pt>
File: figure/cmdtrt.png Graphic file (type png)
<use figure/cmdtrt.png>
Package pdftex.def Info: figure/cmdtrt.png  used on input line 2964.
(pdftex.def)             Requested size: 501.88358pt x 301.16321pt.

Overfull \hbox (44.07872pt too wide) in paragraph at lines 2964--2964
[][] 
 []

[125] [126 <./figure/cmdtrt.png>]
<figure/cmdsu.png, id=2395, 361.35pt x 216.81pt>
File: figure/cmdsu.png Graphic file (type png)
<use figure/cmdsu.png>
Package pdftex.def Info: figure/cmdsu.png  used on input line 2983.
(pdftex.def)             Requested size: 501.88358pt x 301.16321pt.

Overfull \hbox (44.07872pt too wide) in paragraph at lines 2983--2983
[][] 
 []

[127] [128 <./figure/cmdsu.png>] [129]
<figure/smiage.png, id=2413, 361.35pt x 216.81pt>
File: figure/smiage.png Graphic file (type png)
<use figure/smiage.png>
Package pdftex.def Info: figure/smiage.png  used on input line 3648.
(pdftex.def)             Requested size: 501.88358pt x 301.16321pt.

Overfull \hbox (44.07872pt too wide) in paragraph at lines 3648--3648
[][] 
 []

[130] [131 <./figure/smiage.png>]
<figure/smiat.png, id=2427, 361.35pt x 216.81pt>
File: figure/smiat.png Graphic file (type png)
<use figure/smiat.png>
Package pdftex.def Info: figure/smiat.png  used on input line 3669.
(pdftex.def)             Requested size: 501.88358pt x 301.16321pt.

Overfull \hbox (44.07872pt too wide) in paragraph at lines 3669--3669
[][] 
 []

[132] [133 <./figure/smiat.png>]
<figure/smiet.png, id=2439, 361.35pt x 216.81pt>
File: figure/smiet.png Graphic file (type png)
<use figure/smiet.png>
Package pdftex.def Info: figure/smiet.png  used on input line 3686.
(pdftex.def)             Requested size: 501.88358pt x 301.16321pt.

Overfull \hbox (44.07872pt too wide) in paragraph at lines 3686--3686
[][] 
 []

[134 <./figure/smiet.png>]
<figure/smies.png, id=2446, 361.35pt x 216.81pt>
File: figure/smies.png Graphic file (type png)
<use figure/smies.png>
Package pdftex.def Info: figure/smies.png  used on input line 3705.
(pdftex.def)             Requested size: 501.88358pt x 301.16321pt.

Overfull \hbox (44.07872pt too wide) in paragraph at lines 3705--3705
[][] 
 []

[135] [136 <./figure/smies.png>]
<figure/smin.png, id=2457, 216.81pt x 216.81pt>
File: figure/smin.png Graphic file (type png)
<use figure/smin.png>
Package pdftex.def Info: figure/smin.png  used on input line 3717.
(pdftex.def)             Requested size: 501.9409pt x 301.16321pt.

Overfull \hbox (44.13605pt too wide) in paragraph at lines 3717--3717
[][] 
 []

[137 <./figure/smin.png>]
<figure/smir.png, id=2465, 361.35pt x 216.81pt>
File: figure/smir.png Graphic file (type png)
<use figure/smir.png>
Package pdftex.def Info: figure/smir.png  used on input line 3732.
(pdftex.def)             Requested size: 501.88358pt x 301.16321pt.

Overfull \hbox (44.07872pt too wide) in paragraph at lines 3732--3732
[][] 
 []

[138 <./figure/smir.png>]
<figure/smied.png, id=2471, 361.35pt x 216.81pt>
File: figure/smied.png Graphic file (type png)
<use figure/smied.png>
Package pdftex.def Info: figure/smied.png  used on input line 3747.
(pdftex.def)             Requested size: 501.88358pt x 301.16321pt.

Overfull \hbox (44.07872pt too wide) in paragraph at lines 3747--3747
[][] 
 []

[139] [140 <./figure/smied.png>]
<figure/smisc.png, id=2483, 361.35pt x 216.81pt>
File: figure/smisc.png Graphic file (type png)
<use figure/smisc.png>
Package pdftex.def Info: figure/smisc.png  used on input line 3765.
(pdftex.def)             Requested size: 501.88358pt x 301.16321pt.

Overfull \hbox (44.07872pt too wide) in paragraph at lines 3765--3765
[][] 
 []

[141 <./figure/smisc.png>]
<figure/smieth.png, id=2491, 361.35pt x 216.81pt>
File: figure/smieth.png Graphic file (type png)
<use figure/smieth.png>
Package pdftex.def Info: figure/smieth.png  used on input line 3782.
(pdftex.def)             Requested size: 501.88358pt x 301.16321pt.

Overfull \hbox (44.07872pt too wide) in paragraph at lines 3782--3782
[][] 
 []

[142] [143 <./figure/smieth.png>]
<figure/smiphc.png, id=2504, 361.35pt x 216.81pt>
File: figure/smiphc.png Graphic file (type png)
<use figure/smiphc.png>
Package pdftex.def Info: figure/smiphc.png  used on input line 3799.
(pdftex.def)             Requested size: 501.88358pt x 301.16321pt.

Overfull \hbox (44.07872pt too wide) in paragraph at lines 3799--3799
[][] 
 []

[144 <./figure/smiphc.png>]
<figure/smitrt.png, id=2511, 361.35pt x 216.81pt>
File: figure/smitrt.png Graphic file (type png)
<use figure/smitrt.png>
Package pdftex.def Info: figure/smitrt.png  used on input line 3818.
(pdftex.def)             Requested size: 501.88358pt x 301.16321pt.

Overfull \hbox (44.07872pt too wide) in paragraph at lines 3818--3818
[][] 
 []

[145] [146 <./figure/smitrt.png>]
<figure/smisu.png, id=2523, 361.35pt x 216.81pt>
File: figure/smisu.png Graphic file (type png)
<use figure/smisu.png>
Package pdftex.def Info: figure/smisu.png  used on input line 3835.
(pdftex.def)             Requested size: 501.88358pt x 301.16321pt.

Overfull \hbox (44.07872pt too wide) in paragraph at lines 3835--3835
[][] 
 []

[147 <./figure/smisu.png>] [148] [149] [150

]
Chapter 6.
[151] [152] [153] [154]
<figure/apeecon.png, id=2585, 735.74875pt x 301.125pt>
File: figure/apeecon.png Graphic file (type png)
<use figure/apeecon.png>
Package pdftex.def Info: figure/apeecon.png  used on input line 4341.
(pdftex.def)             Requested size: 461.73914pt x 200.76021pt.

Overfull \hbox (3.93428pt too wide) in paragraph at lines 4341--4341
[][] 
 []

[155 <./figure/apeecon.png>]
<figure/apeeconp.png, id=2591, 477.28313pt x 314.17375pt>
File: figure/apeeconp.png Graphic file (type png)
<use figure/apeeconp.png>
Package pdftex.def Info: figure/apeeconp.png  used on input line 4359.
(pdftex.def)             Requested size: 451.68309pt x 301.13835pt.
[156]
<figure/gofecon.png, id=2597, 739.76375pt x 118.94438pt>
File: figure/gofecon.png Graphic file (type png)
<use figure/gofecon.png>
Package pdftex.def Info: figure/gofecon.png  used on input line 4372.
(pdftex.def)             Requested size: 461.73036pt x 100.38083pt.

Overfull \hbox (3.9255pt too wide) in paragraph at lines 4372--4372
[][] 
 []

[157 <./figure/apeeconp.png>] [158 <./figure/gofecon.png>] [159]
<figure/apeemps.png, id=2616, 733.74126pt x 301.62688pt>
File: figure/apeemps.png Graphic file (type png)
<use figure/apeemps.png>
Package pdftex.def Info: figure/apeemps.png  used on input line 4822.
(pdftex.def)             Requested size: 461.73323pt x 200.74963pt.

Overfull \hbox (3.92838pt too wide) in paragraph at lines 4822--4822
[][] 
 []

[160 <./figure/apeemps.png>]
<figure/apeempsp.png, id=2624, 477.28313pt x 315.67938pt>
File: figure/apeempsp.png Graphic file (type png)
<use figure/apeempsp.png>
Package pdftex.def Info: figure/apeempsp.png  used on input line 4834.
(pdftex.def)             Requested size: 451.68309pt x 301.14609pt.
[161]
<figure/gofemps.png, id=2631, 735.74875pt x 116.435pt>
File: figure/gofemps.png Graphic file (type png)
<use figure/gofemps.png>
Package pdftex.def Info: figure/gofemps.png  used on input line 4845.
(pdftex.def)             Requested size: 461.73914pt x 100.37909pt.

Overfull \hbox (3.93428pt too wide) in paragraph at lines 4845--4845
[][] 
 []

[162 <./figure/apeempsp.png>] [163 <./figure/gofemps.png>]

LaTeX Warning: `!h' float specifier changed to `!ht'.

[164] [165]
<figure/apecmd.png, id=2656, 738.76pt x 363.3575pt>
File: figure/apecmd.png Graphic file (type png)
<use figure/apecmd.png>
Package pdftex.def Info: figure/apecmd.png  used on input line 5369.
(pdftex.def)             Requested size: 461.72386pt x 200.75652pt.

Overfull \hbox (3.919pt too wide) in paragraph at lines 5369--5369
[][] 
 []

[166]
<figure/apecmdp.png, id=2662, 486.31688pt x 327.72438pt>
File: figure/apecmdp.png Graphic file (type png)
<use figure/apecmdp.png>
Package pdftex.def Info: figure/apecmdp.png  used on input line 5375.
(pdftex.def)             Requested size: 451.69121pt x 301.13004pt.
[167 <./figure/apecmd.png> <./figure/apecmdp.png>]
<figure/gofcmd.png, id=2670, 740.26563pt x 121.45375pt>
File: figure/gofcmd.png Graphic file (type png)
<use figure/gofcmd.png>
Package pdftex.def Info: figure/gofcmd.png  used on input line 5386.
(pdftex.def)             Requested size: 461.72734pt x 100.37476pt.

Overfull \hbox (3.92249pt too wide) in paragraph at lines 5386--5386
[][] 
 []

[168 <./figure/gofcmd.png>] [169]
<figure/apecmdt.png, id=2685, 738.76pt x 361.35pt>
File: figure/apecmdt.png Graphic file (type png)
<use figure/apecmdt.png>
Package pdftex.def Info: figure/apecmdt.png  used on input line 5862.
(pdftex.def)             Requested size: 461.72386pt x 200.75012pt.

Overfull \hbox (3.919pt too wide) in paragraph at lines 5862--5862
[][] 
 []

[170 <./figure/apecmdt.png>]
<figure/apecmdtp.png, id=2690, 453.695pt x 319.1925pt>
File: figure/apecmdtp.png Graphic file (type png)
<use figure/apecmdtp.png>
Package pdftex.def Info: figure/apecmdtp.png  used on input line 5876.
(pdftex.def)             Requested size: 451.69319pt x 301.12709pt.
[171]
<figure/gofcmdt.png, id=2696, 742.27313pt x 126.4725pt>
File: figure/gofcmdt.png Graphic file (type png)
<use figure/gofcmdt.png>
Package pdftex.def Info: figure/gofcmdt.png  used on input line 5887.
(pdftex.def)             Requested size: 461.73363pt x 100.37726pt.

Overfull \hbox (3.92877pt too wide) in paragraph at lines 5887--5887
[][] 
 []

[172 <./figure/apecmdtp.png> <./figure/gofcmdt.png>]

LaTeX Warning: `!h' float specifier changed to `!ht'.

[173] [174]
<figure/apesmi.png, id=2718, 739.76375pt x 368.87813pt>
File: figure/apesmi.png Graphic file (type png)
<use figure/apesmi.png>
Package pdftex.def Info: figure/apesmi.png  used on input line 6409.
(pdftex.def)             Requested size: 451.69545pt x 301.1255pt.
[175]
<figure/apesmip.png, id=2723, 456.70625pt x 345.29pt>
File: figure/apesmip.png Graphic file (type png)
<use figure/apesmip.png>
Package pdftex.def Info: figure/apesmip.png  used on input line 6415.
(pdftex.def)             Requested size: 451.70154pt x 301.1322pt.
[176 <./figure/apesmi.png> <./figure/apesmip.png>]
<figure/gofsmi.png, id=2730, 741.77126pt x 124.465pt>
File: figure/gofsmi.png Graphic file (type png)
<use figure/gofsmi.png>
Package pdftex.def Info: figure/gofsmi.png  used on input line 6426.
(pdftex.def)             Requested size: 461.73834pt x 100.37738pt.

Overfull \hbox (3.93349pt too wide) in paragraph at lines 6426--6426
[][] 
 []

[177 <./figure/gofsmi.png>] [178] [179]
<figure/apesmit.png, id=2751, 740.7675pt x 305.64188pt>
File: figure/apesmit.png Graphic file (type png)
<use figure/apesmit.png>
Package pdftex.def Info: figure/apesmit.png  used on input line 6852.
(pdftex.def)             Requested size: 451.69797pt x 301.14063pt.
<figure/apesmitp.png, id=2752, 438.63875pt x 351.3125pt>
File: figure/apesmitp.png Graphic file (type png)
<use figure/apesmitp.png>
Package pdftex.def Info: figure/apesmitp.png  used on input line 6858.
(pdftex.def)             Requested size: 451.69586pt x 301.14722pt.
[180 <./figure/apesmit.png>]
<figure/gofsmit.png, id=2758, 739.26187pt x 119.94812pt>
File: figure/gofsmit.png Graphic file (type png)
<use figure/gofsmit.png>
Package pdftex.def Info: figure/gofsmit.png  used on input line 6869.
(pdftex.def)             Requested size: 461.72168pt x 100.37686pt.

Overfull \hbox (3.91682pt too wide) in paragraph at lines 6869--6869
[][] 
 []

[181 <./figure/apesmitp.png> <./figure/gofsmit.png>] [182] [183] [184]
Chapter 7.
[185

] [186] [187] [188] [189] [190] [191] [192] [193] [194] [195] [196] [197] [198] [199] [200] [201] [202] [203] [204] [205] [206] [207] [208

] [209] [210]
Chapter 8.
[211

] [212] [213] [214] [215] [216]
Appendix A.
[217

] [218] [219] [220

]
Appendix B.
LaTeX Font Info:    Font shape `T1/lmtt/bx/n' in size <12> not available
(Font)              Font shape `T1/lmtt/b/n' tried instead on input line 7232.
[221]
Underfull \vbox (badness 10000) detected at line 7288
 []


Underfull \vbox (badness 10000) detected at line 7288
 []

[222] [223]
Underfull \vbox (badness 10000) detected at line 7488
 []


Underfull \vbox (badness 10000) detected at line 7488
 []

[224]
Underfull \vbox (badness 10000) detected at line 7488
 []


Underfull \vbox (badness 10000) detected at line 7488
 []

[225]
Underfull \vbox (badness 10000) detected at line 7488
 []


Underfull \vbox (badness 10000) detected at line 7488
 []

[226]
Underfull \vbox (badness 10000) detected at line 7488
 []


Underfull \vbox (badness 10000) detected at line 7488
 []

[227]
Underfull \vbox (badness 10000) detected at line 7488
 []


Underfull \vbox (badness 10000) detected at line 7488
 []

[228] [229] [230

]
Appendix C.
[231] [232] [233] [234

]
Appendix D.
[235] [236

] [237

]
Underfull \hbox (badness 5878) in paragraph at lines 7615--7617
[]\T1/ptm/m/n/12 (+20) Bailey, N. (2015) `Ex-clu-sion-ary em-ploy-ment in britain's bro-ken labour mar-ket:',
 []

[238] [239] [240] [241] [242] [243] [244] [245] [246] [247] [248] [249]
Underfull \hbox (badness 10000) in paragraph at lines 8020--8022
\T1/lmtt/m/n/12 p u b l i c a t i o n s / 2 0 1 0 -[] to -[] 2 0 15 -[] g o v e r n m e nt -[] p o l i cy -[] w e l f a r e -[] r e f o r m / 2 0 1 0 -[] to -[] 2 0 15 -[]
 []

[250] [251] [252] [253] [254]
Underfull \hbox (badness 2080) in paragraph at lines 8152--8154
[]\T1/ptm/m/n/12 (+20) Steltenpohl, C. (2020) `Is sci-ence ob-jec-tive', \T1/ptm/m/it/12 (+20) Blog re-trieved from: https://cnsyoung.
 []

[255] [256] [257] (./glasgow_thesis.aux)

LaTeX Font Warning: Size substitutions with differences
(Font)              up to 0.40009pt have occurred.

Package rerunfilecheck Info: File `glasgow_thesis.out' has not changed.
(rerunfilecheck)             Checksum: 163F9A43139B63A73742D45E323D2F70;37803.
 )
(\end occurred inside a group at level 2)

### semi simple group (level 2) entered at line 518 (\begingroup)
### semi simple group (level 1) entered at line 361 (\begingroup)
### bottom level 
Here is how much of TeX's memory you used:
 24059 strings out of 478025
 439684 string characters out of 5838745
 2018299 words of memory out of 5000000
 42360 multiletter control sequences out of 15000+600000
 611095 words of font info for 427 fonts, out of 8000000 for 9000
 14 hyphenation exceptions out of 8191
 75i,17n,76p,3388b,2745s stack positions out of 10000i,1000n,20000p,200000b,200000s
{c:/Users/rmkja/AppData/Roaming/TinyTeX/texmf-dist/fonts/enc/dvips/lm/lm-ts1.enc}{c:/Users/rmkja/AppData/Roaming/TinyTeX/texmf-dist/fonts/enc/dvips/lm/lm-ec.enc}{c:/Users/rmkja/AppData/Roaming/TinyTeX/texmf-dist/fonts/enc/dvips/base/8r.enc}<c:/Users/rmkja/AppData/Roaming/TinyTeX/texmf-dist/fonts/type1/public/amsfonts/cm/cmmi10.pfb><c:/Users/rmkja/AppData/Roaming/TinyTeX/texmf-dist/fonts/type1/public/amsfonts/cm/cmr10.pfb><c:/Users/rmkja/AppData/Roaming/TinyTeX/texmf-dist/fonts/type1/public/amsfonts/cm/cmsy10.pfb><c:/Users/rmkja/AppData/Roaming/TinyTeX/texmf-dist/fonts/type1/public/lm/lmtk10.pfb><c:/Users/rmkja/AppData/Roaming/TinyTeX/texmf-dist/fonts/type1/public/lm/lmtt12.pfb><c:/Users/rmkja/AppData/Roaming/TinyTeX/texmf-dist/fonts/type1/public/lm/lmtti10.pfb><c:/Users/rmkja/AppData/Roaming/TinyTeX/texmf-dist/fonts/type1/urw/symbol/usyr.pfb><c:/Users/rmkja/AppData/Roaming/TinyTeX/texmf-dist/fonts/type1/urw/symbol/usyr.pfb><c:/Users/rmkja/AppData/Roaming/TinyTeX/texmf-dist/fonts/type1/urw/times/utmb8a.pfb><c:/Users/rmkja/AppData/Roaming/TinyTeX/texmf-dist/fonts/type1/urw/times/utmbi8a.pfb><c:/Users/rmkja/AppData/Roaming/TinyTeX/texmf-dist/fonts/type1/urw/times/utmr8a.pfb><c:/Users/rmkja/AppData/Roaming/TinyTeX/texmf-dist/fonts/type1/urw/times/utmri8a.pfb>
Output written on glasgow_thesis.pdf (277 pages, 2970234 bytes).
PDF statistics:
 3568 PDF objects out of 3580 (max. 8388607)
 3143 compressed objects within 32 object streams
 954 named destinations out of 1000 (max. 500000)
 89698 words of extra memory for PDF output out of 106986 (max. 10000000)

