\BOOKMARK [0][-]{chapter*.1}{\376\377\000A\000b\000s\000t\000r\000a\000c\000t}{}% 1
\BOOKMARK [0][-]{chapter*.2}{\376\377\000A\000c\000k\000n\000o\000w\000l\000e\000d\000g\000e\000m\000e\000n\000t\000s}{}% 2
\BOOKMARK [0][-]{chapter*.3}{\376\377\000D\000e\000c\000l\000a\000r\000a\000t\000i\000o\000n}{}% 3
\BOOKMARK [0][-]{chapter*.3}{\376\377\000L\000i\000s\000t\000\040\000o\000f\000\040\000t\000a\000b\000l\000e\000s}{}% 4
\BOOKMARK [0][-]{chapter*.3}{\376\377\000L\000i\000s\000t\000\040\000o\000f\000\040\000f\000i\000g\000u\000r\000e\000s}{}% 5
\BOOKMARK [0][-]{table.0.1}{\376\377\000L\000i\000s\000t\000\040\000o\000f\000\040\000a\000b\000b\000r\000e\000v\000i\000a\000t\000i\000o\000n\000s}{}% 6
\BOOKMARK [0][-]{chapter*.5}{\376\377\000B\000e\000g\000i\000n\000n\000i\000n\000g}{}% 7
\BOOKMARK [0][-]{chapter.1}{\376\377\000C\000h\000a\000p\000t\000e\000r\000\040\0001\000:\000\040\000I\000n\000t\000r\000o\000d\000u\000c\000t\000i\000o\000n}{}% 8
\BOOKMARK [1][-]{section.1.1}{\376\377\000C\000h\000a\000p\000t\000e\000r\000\040\000O\000v\000e\000r\000v\000i\000e\000w}{chapter.1}% 9
\BOOKMARK [1][-]{section.1.2}{\376\377\000C\000o\000n\000t\000e\000x\000t}{chapter.1}% 10
\BOOKMARK [1][-]{section.1.3}{\376\377\000T\000e\000r\000m\000i\000n\000o\000l\000o\000g\000y}{chapter.1}% 11
\BOOKMARK [1][-]{section.1.4}{\376\377\000R\000e\000f\000l\000e\000x\000i\000v\000i\000t\000y}{chapter.1}% 12
\BOOKMARK [1][-]{section.1.5}{\376\377\000T\000h\000e\000\040\000I\000m\000p\000a\000c\000t\000\040\000o\000f\000\040\000C\000O\000V\000I\000D\000-\0001\0009\000\040\000o\000n\000\040\000t\000h\000e\000\040\000T\000h\000e\000s\000i\000s}{chapter.1}% 13
\BOOKMARK [1][-]{section.1.6}{\376\377\000A\000i\000m\000s}{chapter.1}% 14
\BOOKMARK [2][-]{subsection.1.6.1}{\376\377\0002\0000\0001\0007\000\040\000t\000o\000\040\0002\0000\0002\0000}{section.1.6}% 15
\BOOKMARK [2][-]{subsection.1.6.2}{\376\377\0002\0000\0002\0000\000\040\000t\000o\000\040\0002\0000\0002\0002}{section.1.6}% 16
\BOOKMARK [1][-]{section.1.7}{\376\377\000R\000e\000s\000e\000a\000r\000c\000h\000\040\000Q\000u\000e\000s\000t\000i\000o\000n\000s}{chapter.1}% 17
\BOOKMARK [2][-]{subsection.1.7.1}{\376\377\0002\0000\0001\0007\000\040\000t\000o\000\040\0002\0000\0002\0000}{section.1.7}% 18
\BOOKMARK [2][-]{subsection.1.7.2}{\376\377\0002\0000\0002\0000\000\040\000t\000o\000\040\0002\0000\0002\0002}{section.1.7}% 19
\BOOKMARK [1][-]{section.1.8}{\376\377\000T\000h\000e\000s\000i\000s\000\040\000S\000t\000r\000u\000c\000t\000u\000r\000e}{chapter.1}% 20
\BOOKMARK [0][-]{chapter.2}{\376\377\000C\000h\000a\000p\000t\000e\000r\000\040\0002\000:\000\040\000L\000i\000t\000e\000r\000a\000t\000u\000r\000e\000\040\000R\000e\000v\000i\000e\000w}{}% 21
\BOOKMARK [1][-]{section.2.1}{\376\377\000C\000h\000a\000p\000t\000e\000r\000\040\000O\000v\000e\000r\000v\000i\000e\000w}{chapter.2}% 22
\BOOKMARK [1][-]{section.2.2}{\376\377\000D\000e\000f\000i\000n\000i\000t\000i\000o\000n\000s}{chapter.2}% 23
\BOOKMARK [2][-]{subsection.2.2.1}{\376\377\000S\000e\000v\000e\000r\000e\000\040\000M\000e\000n\000t\000a\000l\000\040\000I\000l\000l\000n\000e\000s\000s}{section.2.2}% 24
\BOOKMARK [2][-]{subsection.2.2.2}{\376\377\000C\000o\000m\000m\000o\000n\000\040\000M\000e\000n\000t\000a\000l\000\040\000D\000i\000s\000o\000r\000d\000e\000r\000s}{section.2.2}% 25
\BOOKMARK [2][-]{subsection.2.2.3}{\376\377\000E\000c\000o\000n\000o\000m\000i\000c\000\040\000A\000c\000t\000i\000v\000i\000t\000y\000\040\000a\000n\000d\000\040\000E\000m\000p\000l\000o\000y\000m\000e\000n\000t\000\040\000S\000t\000a\000t\000u\000s}{section.2.2}% 26
\BOOKMARK [2][-]{subsection.2.2.4}{\376\377\000S\000e\000v\000e\000r\000e\000\040\000M\000e\000n\000t\000a\000l\000\040\000I\000l\000l\000n\000e\000s\000s}{section.2.2}% 27
\BOOKMARK [2][-]{subsection.2.2.5}{\376\377\000C\000o\000n\000t\000e\000x\000t}{section.2.2}% 28
\BOOKMARK [2][-]{subsection.2.2.6}{\376\377\000C\000o\000n\000c\000e\000p\000t\000s}{section.2.2}% 29
\BOOKMARK [2][-]{subsection.2.2.7}{\376\377\000M\000e\000a\000s\000u\000r\000e\000m\000e\000n\000t}{section.2.2}% 30
\BOOKMARK [2][-]{subsection.2.2.8}{\376\377\000S\000e\000v\000e\000r\000e\000\040\000M\000e\000n\000t\000a\000l\000\040\000I\000l\000l\000n\000e\000s\000s\000\040\000a\000n\000d\000\040\000I\000n\000e\000q\000u\000a\000l\000i\000t\000y}{section.2.2}% 31
\BOOKMARK [1][-]{section.2.3}{\376\377\000S\000e\000v\000e\000r\000e\000\040\000M\000e\000n\000t\000a\000l\000\040\000I\000l\000l\000n\000e\000s\000s\000\040\000a\000n\000d\000\040\000E\000m\000p\000l\000o\000y\000m\000e\000n\000t\000\040\000O\000u\000t\000c\000o\000m\000e\000s}{chapter.2}% 32
\BOOKMARK [2][-]{subsection.2.3.1}{\376\377\000C\000o\000n\000t\000e\000x\000t}{section.2.3}% 33
\BOOKMARK [2][-]{subsection.2.3.2}{\376\377\000C\000o\000n\000c\000e\000p\000t\000s}{section.2.3}% 34
\BOOKMARK [2][-]{subsection.2.3.3}{\376\377\000T\000h\000e\000\040\000I\000m\000p\000a\000c\000t\000\040\000o\000f\000\040\000E\000c\000o\000n\000o\000m\000i\000c\000\040\000A\000c\000t\000i\000v\000i\000t\000y\000\040\000o\000n\000\040\000M\000e\000n\000t\000a\000l\000\040\000H\000e\000a\000l\000t\000h}{section.2.3}% 35
\BOOKMARK [1][-]{section.2.4}{\376\377\000P\000o\000l\000i\000c\000y\000\040\000R\000e\000l\000a\000t\000e\000d\000\040\000t\000o\000\040\000S\000e\000v\000e\000r\000e\000\040\000M\000e\000n\000t\000a\000l\000\040\000I\000l\000l\000n\000e\000s\000s\000\040\000a\000n\000d\000\040\000E\000m\000p\000l\000o\000y\000m\000e\000n\000t\000.}{chapter.2}% 36
\BOOKMARK [2][-]{subsection.2.4.1}{\376\377\000C\000o\000n\000t\000e\000x\000t}{section.2.4}% 37
\BOOKMARK [2][-]{subsection.2.4.2}{\376\377\000C\000o\000n\000c\000e\000p\000t\000s}{section.2.4}% 38
\BOOKMARK [2][-]{subsection.2.4.3}{\376\377\000E\000v\000i\000d\000e\000n\000c\000e\000\040\000o\000f\000\040\000P\000o\000l\000i\000c\000y\000\040\000I\000m\000p\000a\000c\000t}{section.2.4}% 39
\BOOKMARK [1][-]{section.2.5}{\376\377\000E\000x\000p\000l\000o\000r\000i\000n\000g\000\040\000S\000e\000v\000e\000r\000e\000\040\000M\000e\000n\000t\000a\000l\000\040\000I\000l\000l\000n\000e\000s\000s\000\040\000W\000i\000t\000h\000\040\000D\000a\000t\000a}{chapter.2}% 40
\BOOKMARK [2][-]{subsection.2.5.1}{\376\377\000C\000o\000n\000t\000e\000x\000t}{section.2.5}% 41
\BOOKMARK [2][-]{subsection.2.5.2}{\376\377\000A\000l\000t\000e\000r\000n\000a\000t\000i\000v\000e\000\040\000D\000a\000t\000a\000\040\000C\000a\000p\000t\000u\000r\000i\000n\000g\000\040\000S\000e\000v\000e\000r\000e\000\040\000M\000e\000n\000t\000a\000l\000\040\000I\000l\000l\000n\000e\000s\000s\000\040\000a\000n\000d\000\040\000E\000m\000p\000l\000o\000y\000m\000e\000n\000t}{section.2.5}% 42
\BOOKMARK [1][-]{section.2.6}{\376\377\000C\000o\000n\000c\000l\000u\000s\000i\000o\000n}{chapter.2}% 43
\BOOKMARK [0][-]{chapter.3}{\376\377\000C\000h\000a\000p\000t\000e\000r\000\040\0003\000:\000\040\000M\000e\000t\000h\000o\000d\000s\000\040\0001\000:\000\040\000Q\000u\000a\000n\000t\000i\000t\000a\000t\000i\000v\000e}{}% 44
\BOOKMARK [1][-]{section.3.1}{\376\377\000C\000h\000a\000p\000t\000e\000r\000\040\000O\000v\000e\000r\000v\000i\000e\000w}{chapter.3}% 45
\BOOKMARK [1][-]{section.3.2}{\376\377\000T\000h\000e\000\040\000I\000m\000p\000a\000c\000t\000\040\000o\000f\000\040\000C\000O\000V\000I\000D\000-\0001\0009}{chapter.3}% 46
\BOOKMARK [2][-]{subsection.3.2.1}{\376\377\000C\000r\000i\000t\000e\000r\000i\000a\000\040\000f\000o\000r\000\040\000N\000e\000w\000\040\000D\000a\000t\000a\000\040\000S\000e\000l\000e\000c\000t\000i\000o\000n}{section.3.2}% 47
\BOOKMARK [2][-]{subsection.3.2.2}{\376\377\000D\000a\000t\000a\000s\000e\000t\000s\000\040\000C\000o\000n\000s\000i\000d\000e\000r\000e\000d}{section.3.2}% 48
\BOOKMARK [1][-]{section.3.3}{\376\377\000D\000a\000t\000a\000\040\000A\000c\000c\000e\000s\000s\000\040\000a\000n\000d\000\040\000H\000a\000n\000d\000l\000i\000n\000g}{chapter.3}% 49
\BOOKMARK [2][-]{subsection.3.3.1}{\376\377\000A\000c\000c\000e\000s\000s\000\040\000C\000o\000n\000d\000i\000t\000i\000o\000n\000s}{section.3.3}% 50
\BOOKMARK [2][-]{subsection.3.3.2}{\376\377\000R\000e\000s\000e\000a\000r\000c\000h\000e\000r\000\040\000T\000r\000a\000i\000n\000i\000n\000g}{section.3.3}% 51
\BOOKMARK [1][-]{section.3.4}{\376\377\000D\000a\000t\000a\000\040\000S\000o\000u\000r\000c\000e}{chapter.3}% 52
\BOOKMARK [2][-]{subsection.3.4.1}{\376\377\000A\000d\000u\000l\000t\000\040\000P\000s\000y\000c\000h\000i\000a\000t\000r\000i\000c\000\040\000M\000o\000r\000b\000i\000d\000i\000t\000y\000\040\000S\000u\000r\000v\000e\000y\000\040\000B\000a\000c\000k\000g\000r\000o\000u\000n\000d}{section.3.4}% 53
\BOOKMARK [2][-]{subsection.3.4.2}{\376\377\000S\000a\000m\000p\000l\000e\000\040\000D\000e\000s\000i\000g\000n}{section.3.4}% 54
\BOOKMARK [2][-]{subsection.3.4.3}{\376\377\000D\000a\000t\000a\000\040\000C\000o\000l\000l\000e\000c\000t\000i\000o\000n}{section.3.4}% 55
\BOOKMARK [2][-]{subsection.3.4.4}{\376\377\000A\000s\000s\000e\000s\000s\000m\000e\000n\000t\000\040\000o\000f\000\040\000M\000e\000n\000t\000a\000l\000\040\000I\000l\000l\000n\000e\000s\000s\000\040\000\046\000\040\000C\000o\000v\000e\000r\000a\000g\000e\000\040\000o\000f\000\040\000R\000i\000s\000k\000s}{section.3.4}% 56
\BOOKMARK [2][-]{subsection.3.4.5}{\376\377\000D\000i\000f\000f\000e\000r\000e\000n\000c\000e\000s\000\040\000B\000e\000t\000w\000e\000e\000n\000\040\000S\000u\000r\000v\000e\000y\000\040\000W\000a\000v\000e\000s\000\040\000A\000n\000a\000l\000y\000z\000e\000d}{section.3.4}% 57
\BOOKMARK [2][-]{subsection.3.4.6}{\376\377\000S\000t\000r\000e\000n\000g\000t\000h\000s\000\040\000a\000n\000d\000\040\000W\000e\000a\000k\000n\000e\000s\000s\000e\000s\000\040\000o\000f\000\040\000t\000h\000e\000\040\000A\000P\000M\000S}{section.3.4}% 58
\BOOKMARK [2][-]{subsection.3.4.7}{\376\377\000W\000a\000v\000e\000\040\000W\000e\000i\000g\000h\000t\000i\000n\000g\000\040\000S\000t\000r\000a\000t\000e\000g\000i\000e\000s}{section.3.4}% 59
\BOOKMARK [1][-]{section.3.5}{\376\377\000D\000a\000t\000a\000\040\000P\000r\000e\000p\000a\000r\000a\000t\000i\000o\000n\000\040\000o\000r\000\040\000W\000r\000a\000n\000g\000l\000i\000n\000g}{chapter.3}% 60
\BOOKMARK [1][-]{section.3.6}{\376\377\000S\000t\000a\000t\000i\000s\000t\000i\000c\000a\000l\000\040\000M\000o\000d\000e\000l\000l\000i\000n\000g}{chapter.3}% 61
\BOOKMARK [1][-]{section.3.7}{\376\377\000P\000r\000o\000j\000e\000c\000t\000\040\000T\000i\000m\000e\000l\000i\000n\000e}{chapter.3}% 62
\BOOKMARK [1][-]{section.3.8}{\376\377\000S\000u\000m\000m\000a\000r\000y}{chapter.3}% 63
\BOOKMARK [0][-]{chapter.4}{\376\377\000C\000h\000a\000p\000t\000e\000r\000\040\0004\000:\000\040\000M\000e\000t\000h\000o\000d\000s\000\040\0002\000:\000\040\000R\000e\000f\000l\000e\000x\000i\000v\000i\000t\000y}{}% 64
\BOOKMARK [1][-]{section.4.1}{\376\377\000C\000h\000a\000p\000t\000e\000r\000\040\000O\000v\000e\000r\000v\000i\000e\000w}{chapter.4}% 65
\BOOKMARK [1][-]{section.4.2}{\376\377\000Q\000u\000a\000n\000t\000i\000t\000a\000t\000i\000v\000e\000\040\000M\000e\000t\000h\000o\000d\000s\000\040\000\046\000\040\000P\000e\000r\000s\000o\000n\000a\000l\000\040\000E\000x\000p\000e\000r\000i\000e\000n\000c\000e\000s}{chapter.4}% 66
\BOOKMARK [1][-]{section.4.3}{\376\377\000`\000`\000W\000h\000e\000r\000e\000\040\000A\000m\000\040\000I\000?\000'\000'\000\040\000T\000h\000e\000\040\000R\000e\000s\000e\000a\000r\000c\000h\000e\000r\000\040\000i\000n\000\040\000a\000\040\000Q\000u\000a\000n\000t\000i\000t\000a\000t\000i\000v\000e\000\040\000C\000o\000n\000t\000e\000x\000t}{chapter.4}% 67
\BOOKMARK [2][-]{subsection.4.3.1}{\376\377\000R\000e\000f\000l\000e\000x\000i\000v\000e\000\040\000R\000e\000s\000e\000a\000r\000c\000h\000\040\000Q\000u\000e\000s\000t\000i\000o\000n\000s\000\040\000a\000n\000d\000\040\000D\000e\000s\000i\000g\000n}{section.4.3}% 68
\BOOKMARK [2][-]{subsection.4.3.2}{\376\377\000R\000e\000f\000l\000e\000x\000i\000v\000i\000t\000y\000\040\000i\000n\000\040\000D\000a\000t\000a\000\040\000A\000n\000a\000l\000y\000s\000i\000s\000\040\000a\000n\000d\000\040\000I\000n\000t\000e\000r\000p\000r\000e\000t\000a\000t\000i\000o\000n}{section.4.3}% 69
\BOOKMARK [2][-]{subsection.4.3.3}{\376\377\000R\000e\000f\000l\000e\000x\000i\000v\000i\000t\000y\000\040\000i\000n\000\040\000C\000o\000n\000c\000l\000u\000s\000i\000o\000n\000s\000\040\000a\000n\000d\000\040\000F\000r\000a\000m\000i\000n\000g}{section.4.3}% 70
\BOOKMARK [1][-]{section.4.4}{\376\377\000B\000r\000o\000a\000d\000e\000r\000\040\000E\000n\000g\000a\000g\000e\000m\000e\000n\000t\000\040\000a\000n\000d\000\040\000`\000`\000W\000h\000y\000'\000'\000?}{chapter.4}% 71
\BOOKMARK [1][-]{section.4.5}{\376\377\000S\000u\000m\000m\000a\000r\000y}{chapter.4}% 72
\BOOKMARK [0][-]{chapter*.6}{\376\377\000M\000i\000d\000d\000l\000e}{}% 73
\BOOKMARK [0][-]{chapter.5}{\376\377\000C\000h\000a\000p\000t\000e\000r\000\040\0005\000:\000\040\000R\000e\000s\000u\000l\000t\000s\000\040\0001\000:\000\040\000D\000e\000s\000c\000r\000i\000p\000t\000i\000v\000e}{}% 74
\BOOKMARK [1][-]{section.5.1}{\376\377\000C\000h\000a\000p\000t\000e\000r\000\040\000O\000v\000e\000r\000v\000i\000e\000w}{chapter.5}% 75
\BOOKMARK [1][-]{section.5.2}{\376\377\000D\000e\000m\000o\000g\000r\000a\000p\000h\000i\000c\000s\000\040\000a\000n\000d\000\040\000E\000c\000o\000n\000o\000m\000i\000c\000\040\000A\000c\000t\000i\000v\000i\000t\000y}{chapter.5}% 76
\BOOKMARK [2][-]{subsection.5.2.1}{\376\377\000S\000u\000r\000v\000e\000y\000\040\000S\000a\000m\000p\000l\000e\000\040\000O\000v\000e\000r\000v\000i\000e\000w}{section.5.2}% 77
\BOOKMARK [1][-]{section.5.3}{\376\377\000E\000c\000o\000n\000o\000m\000i\000c\000\040\000A\000c\000t\000i\000v\000i\000t\000y\000\040\000a\000n\000d\000\040\000E\000m\000p\000l\000o\000y\000m\000e\000n\000t\000\040\000S\000t\000a\000t\000u\000s}{chapter.5}% 78
\BOOKMARK [2][-]{subsection.5.3.1}{\376\377\000E\000c\000o\000n\000o\000m\000i\000c\000\040\000A\000c\000t\000i\000v\000i\000t\000y}{section.5.3}% 79
\BOOKMARK [2][-]{subsection.5.3.2}{\376\377\000E\000m\000p\000l\000o\000y\000m\000e\000n\000t\000\040\000S\000t\000a\000t\000u\000s}{section.5.3}% 80
\BOOKMARK [2][-]{subsection.5.3.3}{\376\377\000R\000e\000a\000s\000o\000n\000s\000\040\000f\000o\000r\000\040\000E\000c\000o\000n\000o\000m\000i\000c\000\040\000I\000n\000a\000c\000t\000i\000v\000i\000t\000y}{section.5.3}% 81
\BOOKMARK [2][-]{subsection.5.3.4}{\376\377\000E\000c\000o\000n\000o\000m\000i\000c\000\040\000A\000c\000t\000i\000v\000i\000t\000y\000\040\000a\000n\000d\000\040\000A\000g\000e}{section.5.3}% 82
\BOOKMARK [2][-]{subsection.5.3.5}{\376\377\000E\000c\000o\000n\000o\000m\000i\000c\000\040\000A\000c\000t\000i\000v\000i\000t\000y\000\040\000a\000n\000d\000\040\000E\000d\000u\000c\000a\000t\000i\000o\000n}{section.5.3}% 83
\BOOKMARK [2][-]{subsection.5.3.6}{\376\377\000E\000c\000o\000n\000o\000m\000i\000c\000\040\000A\000c\000t\000i\000v\000i\000t\000y\000\040\000a\000n\000d\000\040\000S\000o\000c\000i\000a\000l\000\040\000C\000l\000a\000s\000s}{section.5.3}% 84
\BOOKMARK [2][-]{subsection.5.3.7}{\376\377\000E\000c\000o\000n\000o\000m\000i\000c\000\040\000A\000c\000t\000i\000v\000i\000t\000y\000\040\000a\000n\000d\000\040\000E\000t\000h\000n\000i\000c\000i\000t\000y}{section.5.3}% 85
\BOOKMARK [2][-]{subsection.5.3.8}{\376\377\000E\000c\000o\000n\000o\000m\000i\000c\000\040\000A\000c\000t\000i\000v\000i\000t\000y\000\040\000a\000n\000d\000\040\000P\000h\000y\000s\000i\000c\000a\000l\000\040\000H\000e\000a\000l\000t\000h}{section.5.3}% 86
\BOOKMARK [2][-]{subsection.5.3.9}{\376\377\000E\000c\000o\000n\000o\000m\000i\000c\000\040\000A\000c\000t\000i\000v\000i\000t\000y\000\040\000a\000n\000d\000\040\000T\000r\000e\000a\000t\000m\000e\000n\000t\000\040\000U\000s\000e}{section.5.3}% 87
\BOOKMARK [2][-]{subsection.5.3.10}{\376\377\000E\000c\000o\000n\000o\000m\000i\000c\000\040\000A\000c\000t\000i\000v\000i\000t\000y\000\040\000a\000n\000d\000\040\000M\000e\000n\000t\000a\000l\000\040\000H\000e\000a\000l\000t\000h\000\040\000S\000e\000r\000v\000i\000c\000e\000\040\000U\000s\000e}{section.5.3}% 88
\BOOKMARK [1][-]{section.5.4}{\376\377\000C\000o\000m\000m\000o\000n\000\040\000M\000e\000n\000t\000a\000l\000\040\000H\000e\000a\000l\000t\000h\000\040\000D\000i\000s\000o\000r\000d\000e\000r\000s}{chapter.5}% 89
\BOOKMARK [2][-]{subsection.5.4.1}{\376\377\000S\000a\000m\000p\000l\000e\000\040\000O\000v\000e\000r\000v\000i\000e\000w}{section.5.4}% 90
\BOOKMARK [2][-]{subsection.5.4.2}{\376\377\000C\000o\000m\000m\000o\000n\000\040\000M\000e\000n\000t\000a\000l\000\040\000H\000e\000a\000l\000t\000h\000\040\000D\000i\000s\000o\000r\000d\000e\000r\000s\000\040\000a\000n\000d\000\040\000A\000g\000e}{section.5.4}% 91
\BOOKMARK [2][-]{subsection.5.4.3}{\376\377\000C\000o\000m\000m\000o\000n\000\040\000M\000e\000n\000t\000a\000l\000\040\000H\000e\000a\000l\000t\000h\000\040\000D\000i\000s\000o\000r\000d\000e\000r\000s\000\040\000a\000n\000d\000\040\000E\000c\000o\000n\000o\000m\000i\000c\000\040\000A\000c\000t\000i\000v\000i\000t\000y}{section.5.4}% 92
\BOOKMARK [2][-]{subsection.5.4.4}{\376\377\000C\000o\000m\000m\000o\000n\000\040\000M\000e\000n\000t\000a\000l\000\040\000H\000e\000a\000l\000t\000h\000\040\000D\000i\000s\000o\000r\000d\000e\000r\000s\000\040\000a\000n\000d\000\040\000E\000m\000p\000l\000o\000y\000m\000e\000n\000t\000\040\000S\000t\000a\000t\000u\000s}{section.5.4}% 93
\BOOKMARK [2][-]{subsection.5.4.5}{\376\377\000T\000y\000p\000e\000\040\000o\000f\000\040\000C\000o\000m\000m\000o\000n\000\040\000M\000e\000n\000t\000a\000l\000\040\000H\000e\000a\000l\000t\000h\000\040\000D\000i\000s\000o\000r\000d\000e\000r\000\040\000a\000n\000d\000\040\000E\000c\000o\000n\000o\000m\000i\000c\000\040\000A\000c\000t\000i\000v\000i\000t\000y}{section.5.4}% 94
\BOOKMARK [2][-]{subsection.5.4.6}{\376\377\000C\000o\000m\000m\000o\000n\000\040\000M\000e\000n\000t\000a\000l\000\040\000H\000e\000a\000l\000t\000h\000\040\000D\000i\000s\000o\000r\000d\000e\000r\000\040\000a\000n\000d\000\040\000R\000e\000a\000s\000o\000n\000\040\000f\000o\000r\000\040\000E\000c\000o\000n\000o\000m\000i\000c\000\040\000I\000n\000a\000c\000t\000i\000v\000i\000t\000y}{section.5.4}% 95
\BOOKMARK [2][-]{subsection.5.4.7}{\376\377\000C\000o\000m\000m\000o\000n\000\040\000M\000e\000n\000t\000a\000l\000\040\000H\000e\000a\000l\000t\000h\000\040\000D\000i\000s\000o\000r\000d\000e\000r\000s\000\040\000a\000n\000d\000\040\000E\000d\000u\000c\000a\000t\000i\000o\000n}{section.5.4}% 96
\BOOKMARK [2][-]{subsection.5.4.8}{\376\377\000C\000o\000m\000m\000o\000n\000\040\000M\000e\000n\000t\000a\000l\000\040\000H\000e\000a\000l\000t\000h\000\040\000D\000i\000s\000o\000r\000d\000e\000r\000s\000\040\000a\000n\000d\000\040\000S\000o\000c\000i\000a\000l\000\040\000C\000l\000a\000s\000s}{section.5.4}% 97
\BOOKMARK [2][-]{subsection.5.4.9}{\376\377\000C\000o\000m\000m\000o\000n\000\040\000M\000e\000n\000t\000a\000l\000\040\000H\000e\000a\000l\000t\000h\000\040\000D\000i\000s\000o\000r\000d\000e\000r\000s\000\040\000a\000n\000d\000\040\000E\000t\000h\000n\000i\000c\000i\000t\000y}{section.5.4}% 98
\BOOKMARK [2][-]{subsection.5.4.10}{\376\377\000C\000o\000m\000m\000o\000n\000\040\000M\000e\000n\000t\000a\000l\000\040\000H\000e\000a\000l\000t\000h\000\040\000D\000i\000s\000o\000r\000d\000e\000r\000s\000\040\000a\000n\000d\000\040\000P\000h\000y\000s\000i\000c\000a\000l\000\040\000H\000e\000a\000l\000t\000h}{section.5.4}% 99
\BOOKMARK [2][-]{subsection.5.4.11}{\376\377\000C\000o\000m\000m\000o\000n\000\040\000M\000e\000n\000t\000a\000l\000\040\000H\000e\000a\000l\000t\000h\000\040\000D\000i\000s\000o\000r\000d\000e\000r\000s\000\040\000a\000n\000d\000\040\000T\000r\000e\000a\000t\000m\000e\000n\000t\000\040\000U\000s\000e}{section.5.4}% 100
\BOOKMARK [2][-]{subsection.5.4.12}{\376\377\000C\000o\000m\000m\000o\000n\000\040\000M\000e\000n\000t\000a\000l\000\040\000H\000e\000a\000l\000t\000h\000\040\000D\000i\000s\000o\000r\000d\000e\000r\000s\000\040\000a\000n\000d\000\040\000M\000e\000n\000t\000a\000l\000\040\000H\000e\000a\000l\000t\000h\000\040\000S\000e\000r\000v\000i\000c\000e\000s}{section.5.4}% 101
\BOOKMARK [1][-]{section.5.5}{\376\377\000S\000e\000v\000e\000r\000e\000\040\000M\000e\000n\000t\000a\000l\000\040\000I\000l\000l\000n\000e\000s\000s}{chapter.5}% 102
\BOOKMARK [2][-]{subsection.5.5.1}{\376\377\000S\000a\000m\000p\000l\000e\000\040\000O\000v\000e\000r\000v\000i\000e\000w}{section.5.5}% 103
\BOOKMARK [2][-]{subsection.5.5.2}{\376\377\000S\000e\000v\000e\000r\000e\000\040\000M\000e\000n\000t\000a\000l\000\040\000I\000l\000l\000n\000e\000s\000s\000\040\000a\000n\000d\000\040\000A\000g\000e}{section.5.5}% 104
\BOOKMARK [2][-]{subsection.5.5.3}{\376\377\000S\000e\000v\000e\000r\000e\000\040\000M\000e\000n\000t\000a\000l\000\040\000I\000l\000l\000n\000e\000s\000s\000\040\000a\000n\000d\000\040\000E\000m\000p\000l\000o\000y\000m\000e\000n\000t\000\040\000S\000t\000a\000t\000u\000s}{section.5.5}% 105
\BOOKMARK [2][-]{subsection.5.5.4}{\376\377\000S\000e\000v\000e\000r\000e\000\040\000M\000e\000n\000t\000a\000l\000\040\000I\000l\000l\000n\000e\000s\000s\000\040\000a\000n\000d\000\040\000E\000m\000p\000l\000o\000y\000m\000e\000n\000t\000\040\000S\000t\000a\000t\000u\000s}{section.5.5}% 106
\BOOKMARK [2][-]{subsection.5.5.5}{\376\377\000T\000y\000p\000e\000\040\000o\000f\000\040\000S\000e\000v\000e\000r\000e\000\040\000M\000e\000n\000t\000a\000l\000\040\000I\000l\000l\000n\000e\000s\000s\000\040\000a\000n\000d\000\040\000E\000c\000o\000n\000o\000m\000i\000c\000\040\000A\000c\000t\000i\000v\000i\000t\000y}{section.5.5}% 107
\BOOKMARK [2][-]{subsection.5.5.6}{\376\377\000S\000e\000v\000e\000r\000e\000\040\000M\000e\000n\000t\000a\000l\000\040\000I\000l\000l\000n\000e\000s\000s\000\040\000a\000n\000d\000\040\000R\000e\000a\000s\000o\000n\000s\000\040\000f\000o\000r\000\040\000E\000c\000o\000n\000o\000m\000i\000c\000\040\000I\000n\000a\000c\000t\000i\000v\000i\000t\000y}{section.5.5}% 108
\BOOKMARK [2][-]{subsection.5.5.7}{\376\377\000S\000e\000v\000e\000r\000e\000\040\000M\000e\000n\000t\000a\000l\000\040\000I\000l\000l\000n\000e\000s\000s\000\040\000a\000n\000d\000\040\000E\000d\000u\000c\000a\000t\000i\000o\000n}{section.5.5}% 109
\BOOKMARK [2][-]{subsection.5.5.8}{\376\377\000S\000e\000v\000e\000r\000e\000\040\000M\000e\000n\000t\000a\000l\000\040\000I\000l\000l\000n\000e\000s\000s\000\040\000a\000n\000d\000\040\000S\000o\000c\000i\000a\000l\000\040\000C\000l\000a\000s\000s}{section.5.5}% 110
\BOOKMARK [2][-]{subsection.5.5.9}{\376\377\000S\000e\000v\000e\000r\000e\000\040\000M\000e\000n\000t\000a\000l\000\040\000I\000l\000l\000n\000e\000s\000s\000\040\000a\000n\000d\000\040\000E\000t\000h\000n\000i\000c\000i\000t\000y}{section.5.5}% 111
\BOOKMARK [2][-]{subsection.5.5.10}{\376\377\000S\000e\000v\000e\000r\000e\000\040\000M\000e\000n\000t\000a\000l\000\040\000I\000l\000l\000n\000e\000s\000s\000\040\000a\000n\000d\000\040\000P\000h\000y\000s\000i\000c\000a\000l\000\040\000H\000e\000a\000l\000t\000h}{section.5.5}% 112
\BOOKMARK [2][-]{subsection.5.5.11}{\376\377\000S\000e\000v\000e\000r\000e\000\040\000M\000e\000n\000t\000a\000l\000\040\000I\000l\000l\000n\000e\000s\000s\000\040\000a\000n\000d\000\040\000T\000r\000e\000a\000t\000m\000e\000n\000t\000\040\000U\000s\000e}{section.5.5}% 113
\BOOKMARK [2][-]{subsection.5.5.12}{\376\377\000S\000e\000v\000e\000r\000e\000\040\000M\000e\000n\000t\000a\000l\000\040\000I\000l\000l\000n\000e\000s\000s\000\040\000a\000n\000d\000\040\000M\000e\000n\000t\000a\000l\000\040\000H\000e\000a\000l\000t\000h\000\040\000S\000e\000r\000v\000i\000c\000e\000\040\000U\000s\000e}{section.5.5}% 114
\BOOKMARK [1][-]{section.5.6}{\376\377\000S\000u\000m\000m\000a\000r\000y}{chapter.5}% 115
\BOOKMARK [0][-]{chapter.6}{\376\377\000C\000h\000a\000p\000t\000e\000r\000\040\0006\000:\000\040\000R\000e\000s\000u\000l\000t\000s\000\040\0002\000:\000\040\000M\000o\000d\000e\000l\000s}{}% 116
\BOOKMARK [1][-]{section.6.1}{\376\377\000C\000h\000a\000p\000t\000e\000r\000\040\000O\000v\000e\000r\000v\000i\000e\000w}{chapter.6}% 117
\BOOKMARK [1][-]{section.6.2}{\376\377\000E\000c\000o\000n\000o\000m\000i\000c\000\040\000A\000c\000t\000i\000v\000i\000t\000y}{chapter.6}% 118
\BOOKMARK [2][-]{subsection.6.2.1}{\376\377\000M\000o\000d\000e\000l\000\040\000R\000e\000s\000u\000l\000t\000s\000\040\000f\000o\000r\000\040\000E\000c\000o\000n\000o\000m\000i\000c\000\040\000A\000c\000t\000i\000v\000i\000t\000y}{section.6.2}% 119
\BOOKMARK [2][-]{subsection.6.2.2}{\376\377\000A\000v\000e\000r\000a\000g\000e\000\040\000P\000a\000r\000t\000i\000a\000l\000\040\000E\000f\000f\000e\000c\000t\000s\000\040\000f\000o\000r\000\040\000E\000c\000o\000n\000o\000m\000i\000c\000\040\000A\000c\000t\000i\000v\000i\000t\000y}{section.6.2}% 120
\BOOKMARK [2][-]{subsection.6.2.3}{\376\377\000G\000o\000o\000d\000n\000e\000s\000s\000\040\000o\000f\000\040\000F\000i\000t\000\040\000f\000o\000r\000\040\000E\000c\000o\000n\000o\000m\000i\000c\000\040\000A\000c\000t\000i\000v\000i\000t\000y}{section.6.2}% 121
\BOOKMARK [1][-]{section.6.3}{\376\377\000E\000m\000p\000l\000o\000y\000m\000e\000n\000t\000\040\000S\000t\000a\000t\000u\000s}{chapter.6}% 122
\BOOKMARK [2][-]{subsection.6.3.1}{\376\377\000M\000o\000d\000e\000l\000\040\000R\000e\000s\000u\000l\000t\000s\000\040\000f\000o\000r\000\040\000E\000m\000p\000l\000o\000y\000m\000e\000n\000t\000\040\000S\000t\000a\000t\000u\000s}{section.6.3}% 123
\BOOKMARK [2][-]{subsection.6.3.2}{\376\377\000A\000v\000e\000r\000a\000g\000e\000\040\000P\000a\000r\000t\000i\000a\000l\000\040\000E\000f\000f\000e\000c\000t\000s\000\040\000f\000o\000r\000\040\000E\000m\000p\000l\000o\000y\000m\000e\000n\000t\000\040\000S\000t\000a\000t\000u\000s}{section.6.3}% 124
\BOOKMARK [2][-]{subsection.6.3.3}{\376\377\000G\000o\000o\000d\000n\000e\000s\000s\000\040\000o\000f\000\040\000F\000i\000t\000\040\000f\000o\000r\000\040\000E\000m\000p\000l\000o\000y\000m\000e\000n\000t\000\040\000S\000t\000a\000t\000u\000s}{section.6.3}% 125
\BOOKMARK [1][-]{section.6.4}{\376\377\000C\000o\000m\000m\000o\000n\000\040\000M\000e\000n\000t\000a\000l\000\040\000H\000e\000a\000l\000t\000h\000\040\000D\000i\000s\000o\000r\000d\000e\000r\000s\000\040\000a\000n\000d\000\040\000E\000c\000o\000n\000o\000m\000i\000c\000\040\000A\000c\000t\000i\000v\000i\000t\000y}{chapter.6}% 126
\BOOKMARK [2][-]{subsection.6.4.1}{\376\377\000M\000o\000d\000e\000l\000\040\000R\000e\000s\000u\000l\000t\000s\000\040\000f\000o\000r\000\040\000C\000o\000m\000m\000o\000n\000\040\000M\000e\000n\000t\000a\000l\000\040\000H\000e\000a\000l\000t\000h\000\040\000D\000i\000s\000o\000r\000d\000e\000r\000s\000\040\000a\000n\000d\000\040\000E\000c\000o\000n\000o\000m\000i\000c\000\040\000A\000c\000t\000i\000v\000i\000t\000y}{section.6.4}% 127
\BOOKMARK [2][-]{subsection.6.4.2}{\376\377\000A\000v\000e\000r\000a\000g\000e\000\040\000P\000a\000r\000t\000i\000a\000l\000\040\000E\000f\000f\000e\000c\000t\000s\000\040\000f\000o\000r\000\040\000C\000o\000m\000m\000o\000n\000\040\000M\000e\000n\000t\000a\000l\000\040\000H\000e\000a\000l\000t\000h\000\040\000D\000i\000s\000o\000r\000d\000e\000r\000s\000\040\000a\000n\000d\000\040\000E\000c\000o\000n\000o\000m\000i\000c\000\040\000A\000c\000t\000i\000v\000i\000t\000y}{section.6.4}% 128
\BOOKMARK [2][-]{subsection.6.4.3}{\376\377\000G\000o\000o\000d\000n\000e\000s\000s\000\040\000o\000f\000\040\000F\000i\000t\000\040\000f\000o\000r\000\040\000C\000o\000m\000m\000o\000n\000\040\000M\000e\000n\000t\000a\000l\000\040\000H\000e\000a\000l\000t\000h\000\040\000D\000i\000s\000o\000r\000d\000e\000r\000s}{section.6.4}% 129
\BOOKMARK [1][-]{section.6.5}{\376\377\000C\000o\000m\000m\000o\000n\000\040\000M\000e\000n\000t\000a\000l\000\040\000H\000e\000a\000l\000t\000h\000\040\000D\000i\000s\000o\000r\000d\000e\000r\000\040\000T\000y\000p\000e}{chapter.6}% 130
\BOOKMARK [2][-]{subsection.6.5.1}{\376\377\000M\000o\000d\000e\000l\000\040\000R\000e\000s\000u\000l\000t\000s\000\040\000f\000o\000r\000\040\000T\000y\000p\000e\000\040\000o\000f\000\040\000C\000o\000m\000m\000o\000n\000\040\000M\000e\000n\000t\000a\000l\000\040\000H\000e\000a\000l\000t\000h\000\040\000D\000i\000s\000o\000r\000d\000e\000r}{section.6.5}% 131
\BOOKMARK [2][-]{subsection.6.5.2}{\376\377\000A\000v\000e\000r\000a\000g\000e\000\040\000P\000a\000r\000t\000i\000a\000l\000\040\000E\000f\000f\000e\000c\000t\000s\000\040\000f\000o\000r\000\040\000T\000y\000p\000e\000\040\000o\000f\000\040\000C\000o\000m\000m\000o\000n\000\040\000M\000e\000n\000t\000a\000l\000\040\000H\000e\000a\000l\000t\000h\000\040\000D\000i\000s\000o\000r\000d\000e\000r}{section.6.5}% 132
\BOOKMARK [2][-]{subsection.6.5.3}{\376\377\000G\000o\000o\000d\000n\000e\000s\000s\000\040\000o\000f\000\040\000F\000i\000t\000\040\000f\000o\000r\000\040\000T\000y\000p\000e\000\040\000o\000f\000\040\000C\000o\000m\000m\000o\000n\000\040\000M\000e\000n\000t\000a\000l\000\040\000H\000e\000a\000l\000t\000h\000\040\000D\000i\000s\000o\000r\000d\000e\000r}{section.6.5}% 133
\BOOKMARK [1][-]{section.6.6}{\376\377\000S\000e\000v\000e\000r\000e\000\040\000M\000e\000n\000t\000a\000l\000\040\000I\000l\000l\000n\000e\000s\000s\000\040\000a\000n\000d\000\040\000E\000c\000o\000n\000o\000m\000i\000c\000\040\000A\000c\000t\000i\000v\000i\000t\000y}{chapter.6}% 134
\BOOKMARK [2][-]{subsection.6.6.1}{\376\377\000M\000o\000d\000e\000l\000\040\000R\000e\000s\000u\000l\000t\000s\000\040\000f\000o\000r\000\040\000S\000e\000v\000e\000r\000e\000\040\000M\000e\000n\000t\000a\000l\000\040\000I\000l\000l\000n\000e\000s\000s}{section.6.6}% 135
\BOOKMARK [2][-]{subsection.6.6.2}{\376\377\000A\000v\000e\000r\000a\000g\000e\000\040\000P\000a\000r\000t\000i\000a\000l\000\040\000E\000f\000f\000e\000c\000t\000s\000\040\000f\000o\000r\000\040\000S\000e\000v\000e\000r\000e\000\040\000M\000e\000n\000t\000a\000l\000\040\000I\000l\000l\000n\000e\000s\000s}{section.6.6}% 136
\BOOKMARK [2][-]{subsection.6.6.3}{\376\377\000G\000o\000o\000d\000n\000e\000s\000s\000\040\000o\000f\000\040\000F\000i\000t\000\040\000f\000o\000r\000\040\000S\000e\000v\000e\000r\000e\000\040\000M\000e\000n\000t\000a\000l\000\040\000I\000l\000l\000n\000e\000s\000s}{section.6.6}% 137
\BOOKMARK [1][-]{section.6.7}{\376\377\000S\000e\000v\000e\000r\000e\000\040\000M\000e\000n\000t\000a\000l\000\040\000I\000l\000l\000n\000e\000s\000s\000\040\000T\000y\000p\000e}{chapter.6}% 138
\BOOKMARK [2][-]{subsection.6.7.1}{\376\377\000M\000o\000d\000e\000l\000\040\000R\000e\000s\000u\000l\000t\000s\000\040\000f\000o\000r\000\040\000T\000y\000p\000e\000\040\000o\000f\000\040\000S\000e\000v\000e\000r\000e\000\040\000M\000e\000n\000t\000a\000l\000\040\000I\000l\000l\000n\000e\000s\000s}{section.6.7}% 139
\BOOKMARK [2][-]{subsection.6.7.2}{\376\377\000A\000v\000e\000r\000a\000g\000e\000\040\000P\000a\000r\000t\000i\000a\000l\000\040\000E\000f\000f\000e\000c\000t\000s\000\040\000f\000o\000r\000\040\000T\000y\000p\000e\000\040\000o\000f\000\040\000S\000e\000v\000e\000r\000e\000\040\000M\000e\000n\000t\000a\000l\000\040\000I\000l\000l\000n\000e\000s\000s}{section.6.7}% 140
\BOOKMARK [2][-]{subsection.6.7.3}{\376\377\000G\000o\000o\000d\000n\000e\000s\000s\000\040\000o\000f\000\040\000F\000i\000t\000\040\000f\000o\000r\000\040\000T\000y\000p\000e\000\040\000o\000f\000\040\000S\000e\000v\000e\000r\000e\000\040\000M\000e\000n\000t\000a\000l\000\040\000I\000l\000l\000n\000e\000s\000s}{section.6.7}% 141
\BOOKMARK [1][-]{section.6.8}{\376\377\000S\000u\000m\000m\000a\000r\000y}{chapter.6}% 142
\BOOKMARK [0][-]{chapter.7}{\376\377\000C\000h\000a\000p\000t\000e\000r\000\040\0007\000:\000\040\000D\000i\000s\000c\000u\000s\000s\000i\000o\000n}{}% 143
\BOOKMARK [1][-]{section.7.1}{\376\377\000C\000h\000a\000p\000t\000e\000r\000\040\000O\000v\000e\000r\000v\000i\000e\000w}{chapter.7}% 144
\BOOKMARK [1][-]{section.7.2}{\376\377\000F\000i\000n\000d\000i\000n\000g\000s\000\040\000i\000n\000\040\000C\000o\000n\000t\000e\000x\000t}{chapter.7}% 145
\BOOKMARK [2][-]{subsection.7.2.1}{\376\377\000D\000e\000m\000o\000g\000r\000a\000p\000h\000i\000c\000\040\000F\000a\000c\000t\000o\000r\000s\000\040\000a\000n\000d\000\040\000E\000c\000o\000n\000o\000m\000i\000c\000\040\000A\000c\000t\000i\000v\000i\000t\000y}{section.7.2}% 146
\BOOKMARK [2][-]{subsection.7.2.2}{\376\377\000T\000h\000e\000\040\000I\000m\000p\000a\000c\000t\000\040\000o\000f\000\040\000C\000o\000m\000m\000o\000n\000\040\000M\000e\000n\000t\000a\000l\000\040\000H\000e\000a\000l\000t\000h\000\040\000D\000i\000s\000o\000r\000d\000e\000r\000s\000\040\000a\000n\000d\000\040\000S\000e\000v\000e\000r\000e\000\040\000M\000e\000n\000t\000a\000l\000\040\000I\000l\000l\000n\000e\000s\000s\000\040\000o\000n\000\040\000E\000c\000o\000n\000o\000m\000i\000c\000\040\000A\000c\000t\000i\000v\000i\000t\000y}{section.7.2}% 147
\BOOKMARK [2][-]{subsection.7.2.3}{\376\377\000E\000f\000f\000e\000c\000t\000s\000\040\000o\000f\000\040\000T\000r\000e\000a\000t\000m\000e\000n\000t\000\040\000a\000n\000d\000\040\000S\000e\000r\000v\000i\000c\000e\000\040\000U\000s\000e\000\040\000o\000n\000\040\000E\000c\000o\000n\000o\000m\000i\000c\000\040\000A\000c\000t\000i\000v\000i\000t\000y}{section.7.2}% 148
\BOOKMARK [2][-]{subsection.7.2.4}{\376\377\000T\000h\000e\000\040\000I\000n\000f\000l\000u\000e\000n\000c\000e\000\040\000o\000f\000\040\000C\000o\000m\000m\000o\000n\000\040\000M\000e\000n\000t\000a\000l\000\040\000H\000e\000a\000l\000t\000h\000\040\000D\000i\000s\000o\000r\000d\000e\000r\000s\000\040\000a\000n\000d\000\040\000S\000e\000v\000e\000r\000e\000\040\000M\000e\000n\000t\000a\000l\000\040\000I\000l\000l\000n\000e\000s\000s\000\040\000T\000y\000p\000e\000\040\000o\000n\000\040\000E\000c\000o\000n\000o\000m\000i\000c\000\040\000A\000c\000t\000i\000v\000i\000t\000y}{section.7.2}% 149
\BOOKMARK [1][-]{section.7.3}{\376\377\000C\000o\000m\000p\000a\000r\000i\000s\000o\000n\000s\000\040\000t\000o\000\040\000P\000r\000e\000v\000i\000o\000u\000s\000\040\000R\000e\000s\000e\000a\000r\000c\000h\000\040\000a\000n\000d\000\040\000C\000o\000n\000t\000r\000i\000b\000u\000t\000i\000o\000n}{chapter.7}% 150
\BOOKMARK [1][-]{section.7.4}{\376\377\000S\000t\000r\000e\000n\000g\000t\000h\000s\000\040\000a\000n\000d\000\040\000L\000i\000m\000i\000t\000a\000t\000i\000o\000n\000s\000\040\000o\000f\000\040\000T\000h\000i\000s\000\040\000W\000o\000r\000k}{chapter.7}% 151
\BOOKMARK [2][-]{subsection.7.4.1}{\376\377\000S\000t\000r\000e\000n\000g\000t\000h\000s}{section.7.4}% 152
\BOOKMARK [2][-]{subsection.7.4.2}{\376\377\000L\000i\000m\000i\000t\000a\000t\000i\000o\000n\000s}{section.7.4}% 153
\BOOKMARK [1][-]{section.7.5}{\376\377\000R\000e\000c\000o\000m\000m\000e\000n\000d\000a\000t\000i\000o\000n\000s\000\040\000f\000o\000r\000\040\000F\000u\000t\000u\000r\000e\000\040\000R\000e\000s\000e\000a\000r\000c\000h}{chapter.7}% 154
\BOOKMARK [0][-]{chapter*.77}{\376\377\000E\000n\000d}{}% 155
\BOOKMARK [0][-]{chapter.8}{\376\377\000C\000h\000a\000p\000t\000e\000r\000\040\0008\000:\000\040\000C\000o\000n\000c\000l\000u\000s\000i\000o\000n}{}% 156
\BOOKMARK [0][-]{appendix.A}{\376\377\000A\000p\000p\000e\000n\000d\000i\000x\000\040\000A\000:\000\040\000I\000C\000D\000-\0001\0001\000\040\000C\000o\000n\000d\000i\000t\000i\000o\000n\000\040\000C\000o\000d\000e\000s}{}% 157
\BOOKMARK [1][-]{section.A.1}{\376\377\000S\000e\000v\000e\000r\000e\000\040\000M\000e\000n\000t\000a\000l\000\040\000I\000l\000l\000n\000e\000s\000s\000\040\000C\000o\000d\000e\000s}{appendix.A}% 158
\BOOKMARK [1][-]{section.A.2}{\376\377\000C\000o\000m\000m\000o\000m\000\040\000M\000e\000n\000t\000a\000l\000\040\000H\000e\000a\000l\000t\000h\000\040\000D\000i\000s\000o\000r\000d\000e\000r\000\040\000C\000o\000d\000e\000s}{appendix.A}% 159
\BOOKMARK [0][-]{appendix.B}{\376\377\000A\000p\000p\000e\000n\000d\000i\000x\000\040\000B\000:\000\040\000C\000o\000d\000e\000\040\000a\000n\000d\000\040\000A\000n\000a\000l\000y\000s\000i\000s}{}% 160
\BOOKMARK [1][-]{section.B.1}{\376\377\000A\000c\000c\000e\000s\000s\000i\000n\000g\000\040\000t\000h\000e\000\040\000A\000n\000a\000l\000y\000s\000i\000s\000\040\000C\000o\000d\000e}{appendix.B}% 161
\BOOKMARK [1][-]{section.B.2}{\376\377\000P\000a\000c\000k\000a\000g\000e\000s\000\040\000U\000s\000e\000d}{appendix.B}% 162
\BOOKMARK [1][-]{section.B.3}{\376\377\000R\000e\000g\000r\000e\000s\000s\000i\000o\000n\000\040\000C\000o\000d\000e}{appendix.B}% 163
\BOOKMARK [0][-]{appendix.C}{\376\377\000A\000p\000p\000e\000n\000d\000i\000x\000\040\000C\000:\000\040\000R\000e\000f\000l\000e\000x\000i\000v\000i\000t\000y\000\040\000P\000r\000o\000m\000p\000s}{}% 164
\BOOKMARK [1][-]{section.C.1}{\376\377\000B\000e\000g\000i\000n\000n\000e\000r\000\040\000P\000r\000o\000m\000p\000t\000s}{appendix.C}% 165
\BOOKMARK [2][-]{subsection.C.1.1}{\376\377\000R\000e\000s\000e\000a\000r\000c\000h\000\040\000Q\000u\000e\000s\000t\000i\000o\000n\000\040\000a\000n\000d\000\040\000D\000e\000s\000i\000g\000n\000\040\000S\000t\000a\000g\000e}{section.C.1}% 166
\BOOKMARK [2][-]{subsection.C.1.2}{\376\377\000D\000a\000t\000a\000\040\000C\000o\000l\000l\000e\000c\000t\000i\000o\000n\000\040\000S\000t\000a\000g\000e}{section.C.1}% 167
\BOOKMARK [2][-]{subsection.C.1.3}{\376\377\000D\000a\000t\000a\000\040\000A\000n\000a\000l\000y\000s\000i\000s\000\040\000a\000n\000d\000\040\000I\000n\000t\000e\000r\000p\000r\000e\000t\000a\000t\000i\000o\000n\000\040\000S\000t\000a\000g\000e}{section.C.1}% 168
\BOOKMARK [2][-]{subsection.C.1.4}{\376\377\000C\000o\000n\000c\000l\000u\000s\000i\000o\000n\000s\000\040\000a\000n\000d\000\040\000F\000r\000a\000m\000i\000n\000g\000\040\000S\000t\000a\000g\000e}{section.C.1}% 169
\BOOKMARK [0][-]{appendix.D}{\376\377\000A\000p\000p\000e\000n\000d\000i\000x\000\040\000D\000:\000\040\000S\000u\000p\000p\000l\000e\000m\000e\000n\000t\000a\000r\000y\000\040\000M\000a\000t\000e\000r\000i\000a\000l\000s}{}% 170
\BOOKMARK [0][-]{appendix*.78}{\376\377\000R\000e\000f\000e\000r\000e\000n\000c\000e\000s}{}% 171
